{"/home/apinto/Documents/workspaces/technical-test/technical-test_hl2022_vuejs-exercice/src/App.vue": {"path":"/home/apinto/Documents/workspaces/technical-test/technical-test_hl2022_vuejs-exercice/src/App.vue","statementMap":{"0":{"start":{"line":2,"column":0},"end":{"line":2,"column":62}},"1":{"start":{"line":3,"column":0},"end":{"line":3,"column":24}},"2":{"start":{"line":4,"column":12},"end":{"line":4,"column":26}},"3":{"start":{"line":6,"column":33},"end":{"line":6,"column":75}},"4":{"start":{"line":7,"column":4},"end":{"line":7,"column":84}},"5":{"start":{"line":9,"column":0},"end":{"line":9,"column":24}},"6":{"start":{"line":10,"column":1},"end":{"line":10,"column":48}}},"fnMap":{"0":{"name":"render","decl":{"start":{"line":5,"column":9},"end":{"line":5,"column":15}},"loc":{"start":{"line":5,"column":30},"end":{"line":8,"column":1}},"line":5}},"branchMap":{},"s":{"0":0,"1":0,"2":0,"3":0,"4":0,"5":0,"6":0},"f":{"0":0},"b":{},"inputSourceMap":{"0":"{","1":"\"","2":"v","3":"e","4":"r","5":"s","6":"i","7":"o","8":"n","9":"\"","10":":","11":"3","12":",","13":"\"","14":"s","15":"o","16":"u","17":"r","18":"c","19":"e","20":"s","21":"\"","22":":","23":"[","24":"]","25":",","26":"\"","27":"n","28":"a","29":"m","30":"e","31":"s","32":"\"","33":":","34":"[","35":"]","36":",","37":"\"","38":"m","39":"a","40":"p","41":"p","42":"i","43":"n","44":"g","45":"s","46":"\"","47":":","48":"\"","49":"\"","50":",","51":"\"","52":"f","53":"i","54":"l","55":"e","56":"\"","57":":","58":"\"","59":"/","60":"h","61":"o","62":"m","63":"e","64":"/","65":"a","66":"p","67":"i","68":"n","69":"t","70":"o","71":"/","72":"D","73":"o","74":"c","75":"u","76":"m","77":"e","78":"n","79":"t","80":"s","81":"/","82":"w","83":"o","84":"r","85":"k","86":"s","87":"p","88":"a","89":"c","90":"e","91":"s","92":"/","93":"t","94":"e","95":"c","96":"h","97":"n","98":"i","99":"c","100":"a","101":"l","102":"-","103":"t","104":"e","105":"s","106":"t","107":"/","108":"t","109":"e","110":"c","111":"h","112":"n","113":"i","114":"c","115":"a","116":"l","117":"-","118":"t","119":"e","120":"s","121":"t","122":"_","123":"h","124":"l","125":"2","126":"0","127":"2","128":"2","129":"_","130":"v","131":"u","132":"e","133":"j","134":"s","135":"-","136":"e","137":"x","138":"e","139":"r","140":"c","141":"i","142":"c","143":"e","144":"/","145":"s","146":"r","147":"c","148":"/","149":"A","150":"p","151":"p","152":".","153":"v","154":"u","155":"e","156":"\"","157":"}"}}
,"/home/apinto/Documents/workspaces/technical-test/technical-test_hl2022_vuejs-exercice/src/main.ts": {"path":"/home/apinto/Documents/workspaces/technical-test/technical-test_hl2022_vuejs-exercice/src/main.ts","statementMap":{"0":{"start":{"line":1,"column":0},"end":{"line":1,"column":null}},"1":{"start":{"line":2,"column":0},"end":{"line":2,"column":null}},"2":{"start":{"line":3,"column":0},"end":{"line":3,"column":null}},"3":{"start":{"line":4,"column":0},"end":{"line":4,"column":null}},"4":{"start":{"line":5,"column":0},"end":{"line":5,"column":null}},"5":{"start":{"line":7,"column":0},"end":{"line":7,"column":null}},"6":{"start":{"line":8,"column":0},"end":{"line":8,"column":null}},"7":{"start":{"line":10,"column":21},"end":{"line":13,"column":null}},"8":{"start":{"line":15,"column":0},"end":{"line":19,"column":null}}},"fnMap":{},"branchMap":{},"s":{"0":0,"1":0,"2":0,"3":0,"4":0,"5":0,"6":0,"7":0,"8":0},"f":{},"b":{}}
,"/home/apinto/Documents/workspaces/technical-test/technical-test_hl2022_vuejs-exercice/src/SupplyPoint/domain/application/getSupplyPointDataToSolarProduct.ts": {"path":"/home/apinto/Documents/workspaces/technical-test/technical-test_hl2022_vuejs-exercice/src/SupplyPoint/domain/application/getSupplyPointDataToSolarProduct.ts","statementMap":{"0":{"start":{"line":1,"column":0},"end":{"line":1,"column":null}},"1":{"start":{"line":4,"column":0},"end":{"line":4,"column":null}},"2":{"start":{"line":6,"column":0},"end":{"line":33,"column":null}},"3":{"start":{"line":10,"column":21},"end":{"line":10,"column":63}},"4":{"start":{"line":11,"column":26},"end":{"line":11,"column":78}},"5":{"start":{"line":14,"column":4},"end":{"line":15,"column":37}},"6":{"start":{"line":18,"column":4},"end":{"line":21,"column":null}},"7":{"start":{"line":23,"column":31},"end":{"line":25,"column":null}},"8":{"start":{"line":28,"column":2},"end":{"line":32,"column":null}}},"fnMap":{"0":{"name":"(anonymous_1)","decl":{"start":{"line":6,"column":15},"end":{"line":6,"column":null}},"loc":{"start":{"line":9,"column":45},"end":{"line":33,"column":1}}}},"branchMap":{"0":{"loc":{"start":{"line":14,"column":4},"end":{"line":15,"column":37}},"type":"binary-expr","locations":[{"start":{"line":14,"column":4},"end":{"line":14,"column":53}},{"start":{"line":15,"column":4},"end":{"line":15,"column":37}}]}},"s":{"0":2,"1":2,"2":2,"3":4,"4":4,"5":4,"6":2,"7":2,"8":2},"f":{"0":4},"b":{"0":[4,3]}}
,"/home/apinto/Documents/workspaces/technical-test/technical-test_hl2022_vuejs-exercice/src/SupplyPoint/domain/models/Client.ts": {"path":"/home/apinto/Documents/workspaces/technical-test/technical-test_hl2022_vuejs-exercice/src/SupplyPoint/domain/models/Client.ts","statementMap":{"0":{"start":{"line":1,"column":0},"end":{"line":1,"column":null}},"1":{"start":{"line":2,"column":2},"end":{"line":2,"column":null}},"2":{"start":{"line":3,"column":2},"end":{"line":3,"column":null}},"3":{"start":{"line":20,"column":33},"end":{"line":20,"column":null}},"4":{"start":{"line":16,"column":13},"end":{"line":16,"column":29}},"5":{"start":{"line":17,"column":13},"end":{"line":17,"column":28}},"6":{"start":{"line":18,"column":13},"end":{"line":18,"column":25}},"7":{"start":{"line":19,"column":13},"end":{"line":19,"column":25}},"8":{"start":{"line":20,"column":13},"end":{"line":20,"column":33}},"9":{"start":{"line":14,"column":0},"end":{"line":14,"column":21}}},"fnMap":{"0":{"name":"(anonymous_0)","decl":{"start":{"line":1,"column":0},"end":{"line":1,"column":12}},"loc":{"start":{"line":1,"column":26},"end":{"line":4,"column":1}}},"1":{"name":"(anonymous_1)","decl":{"start":{"line":15,"column":2},"end":{"line":15,"column":null}},"loc":{"start":{"line":20,"column":33},"end":{"line":21,"column":null}}}},"branchMap":{"0":{"loc":{"start":{"line":1,"column":12},"end":{"line":1,"column":null}},"type":"binary-expr","locations":[{"start":{"line":1,"column":12},"end":{"line":1,"column":26}},{"start":{"line":1,"column":12},"end":{"line":1,"column":null}}]}},"s":{"0":2,"1":2,"2":2,"3":20,"4":4,"5":4,"6":4,"7":4,"8":4,"9":2},"f":{"0":2,"1":4},"b":{"0":[2,2]}}
,"/home/apinto/Documents/workspaces/technical-test/technical-test_hl2022_vuejs-exercice/src/SupplyPoint/domain/models/Errors.ts": {"path":"/home/apinto/Documents/workspaces/technical-test/technical-test_hl2022_vuejs-exercice/src/SupplyPoint/domain/models/Errors.ts","statementMap":{"0":{"start":{"line":1,"column":0},"end":{"line":1,"column":null}},"1":{"start":{"line":2,"column":2},"end":{"line":2,"column":null}},"2":{"start":{"line":3,"column":2},"end":{"line":3,"column":null}},"3":{"start":{"line":4,"column":2},"end":{"line":4,"column":null}}},"fnMap":{"0":{"name":"(anonymous_0)","decl":{"start":{"line":1,"column":0},"end":{"line":1,"column":12}},"loc":{"start":{"line":1,"column":18},"end":{"line":5,"column":1}}}},"branchMap":{"0":{"loc":{"start":{"line":1,"column":12},"end":{"line":1,"column":null}},"type":"binary-expr","locations":[{"start":{"line":1,"column":12},"end":{"line":1,"column":18}},{"start":{"line":1,"column":12},"end":{"line":1,"column":null}}]}},"s":{"0":0,"1":0,"2":0,"3":0},"f":{"0":0},"b":{"0":[0,0]}}
,"/home/apinto/Documents/workspaces/technical-test/technical-test_hl2022_vuejs-exercice/src/SupplyPoint/domain/models/SolarProductDiscounts.ts": {"path":"/home/apinto/Documents/workspaces/technical-test/technical-test_hl2022_vuejs-exercice/src/SupplyPoint/domain/models/SolarProductDiscounts.ts","statementMap":{"0":{"start":{"line":1,"column":0},"end":{"line":5,"column":null}}},"fnMap":{},"branchMap":{},"s":{"0":3},"f":{},"b":{}}
,"/home/apinto/Documents/workspaces/technical-test/technical-test_hl2022_vuejs-exercice/src/SupplyPoint/domain/models/SupplyPoint.ts": {"path":"/home/apinto/Documents/workspaces/technical-test/technical-test_hl2022_vuejs-exercice/src/SupplyPoint/domain/models/SupplyPoint.ts","statementMap":{"0":{"start":{"line":20,"column":32},"end":{"line":20,"column":null}},"1":{"start":{"line":16,"column":13},"end":{"line":16,"column":25}},"2":{"start":{"line":17,"column":13},"end":{"line":17,"column":27}},"3":{"start":{"line":18,"column":13},"end":{"line":18,"column":35}},"4":{"start":{"line":19,"column":13},"end":{"line":19,"column":26}},"5":{"start":{"line":20,"column":13},"end":{"line":20,"column":32}},"6":{"start":{"line":14,"column":0},"end":{"line":14,"column":21}}},"fnMap":{"0":{"name":"(anonymous_0)","decl":{"start":{"line":15,"column":2},"end":{"line":15,"column":null}},"loc":{"start":{"line":20,"column":32},"end":{"line":21,"column":null}}}},"branchMap":{},"s":{"0":85,"1":17,"2":17,"3":17,"4":17,"5":17,"6":3},"f":{"0":17},"b":{}}
,"/home/apinto/Documents/workspaces/technical-test/technical-test_hl2022_vuejs-exercice/src/SupplyPoint/domain/services/calculateSolarProductDiscount.ts": {"path":"/home/apinto/Documents/workspaces/technical-test/technical-test_hl2022_vuejs-exercice/src/SupplyPoint/domain/services/calculateSolarProductDiscount.ts","statementMap":{"0":{"start":{"line":3,"column":0},"end":{"line":3,"column":null}},"1":{"start":{"line":6,"column":13},"end":{"line":6,"column":null}},"2":{"start":{"line":8,"column":33},"end":{"line":15,"column":null}},"3":{"start":{"line":12,"column":2},"end":{"line":15,"column":null}},"4":{"start":{"line":14,"column":6},"end":{"line":15,"column":56}},"5":{"start":{"line":18,"column":36},"end":{"line":27,"column":1}},"6":{"start":{"line":19,"column":39},"end":{"line":21,"column":null}},"7":{"start":{"line":20,"column":23},"end":{"line":20,"column":60}},"8":{"start":{"line":24,"column":2},"end":{"line":25,"column":null}},"9":{"start":{"line":29,"column":0},"end":{"line":48,"column":null}},"10":{"start":{"line":33,"column":32},"end":{"line":36,"column":null}},"11":{"start":{"line":35,"column":6},"end":{"line":35,"column":60}},"12":{"start":{"line":40,"column":4},"end":{"line":40,"column":null}},"13":{"start":{"line":44,"column":4},"end":{"line":44,"column":null}},"14":{"start":{"line":47,"column":2},"end":{"line":47,"column":null}}},"fnMap":{"0":{"name":"(anonymous_1)","decl":{"start":{"line":8,"column":33},"end":{"line":8,"column":null}},"loc":{"start":{"line":12,"column":2},"end":{"line":15,"column":null}}},"1":{"name":"(anonymous_2)","decl":{"start":{"line":13,"column":5},"end":{"line":13,"column":13}},"loc":{"start":{"line":14,"column":6},"end":{"line":15,"column":56}}},"2":{"name":"(anonymous_3)","decl":{"start":{"line":18,"column":36},"end":{"line":18,"column":71}},"loc":{"start":{"line":18,"column":75},"end":{"line":27,"column":1}}},"3":{"name":"(anonymous_4)","decl":{"start":{"line":20,"column":4},"end":{"line":20,"column":5}},"loc":{"start":{"line":20,"column":23},"end":{"line":20,"column":60}}},"4":{"name":"(anonymous_5)","decl":{"start":{"line":29,"column":15},"end":{"line":29,"column":null}},"loc":{"start":{"line":32,"column":36},"end":{"line":48,"column":1}}},"5":{"name":"(anonymous_6)","decl":{"start":{"line":34,"column":37},"end":{"line":34,"column":49}},"loc":{"start":{"line":35,"column":6},"end":{"line":35,"column":60}}}},"branchMap":{"0":{"loc":{"start":{"line":14,"column":6},"end":{"line":15,"column":56}},"type":"binary-expr","locations":[{"start":{"line":14,"column":6},"end":{"line":14,"column":56}},{"start":{"line":15,"column":6},"end":{"line":15,"column":56}}]},"1":{"loc":{"start":{"line":20,"column":30},"end":{"line":20,"column":59}},"type":"binary-expr","locations":[{"start":{"line":20,"column":30},"end":{"line":20,"column":54}},{"start":{"line":20,"column":58},"end":{"line":20,"column":59}}]}},"s":{"0":3,"1":3,"2":3,"3":2,"4":3,"5":3,"6":5,"7":10,"8":5,"9":3,"10":5,"11":10,"12":3,"13":1,"14":1},"f":{"0":2,"1":3,"2":5,"3":10,"4":5,"5":10},"b":{"0":[3,2],"1":[10,0]}}
,"/home/apinto/Documents/workspaces/technical-test/technical-test_hl2022_vuejs-exercice/src/SupplyPoint/infrastructure/repositories/fromJson/ClientRepository/clientFromJsonAdapter.ts": {"path":"/home/apinto/Documents/workspaces/technical-test/technical-test_hl2022_vuejs-exercice/src/SupplyPoint/infrastructure/repositories/fromJson/ClientRepository/clientFromJsonAdapter.ts","statementMap":{"0":{"start":{"line":1,"column":0},"end":{"line":1,"column":null}},"1":{"start":{"line":4,"column":0},"end":{"line":11,"column":null}},"2":{"start":{"line":11,"column":2},"end":{"line":11,"column":59}}},"fnMap":{"0":{"name":"(anonymous_1)","decl":{"start":{"line":4,"column":15},"end":{"line":4,"column":16}},"loc":{"start":{"line":11,"column":2},"end":{"line":11,"column":59}}}},"branchMap":{},"s":{"0":0,"1":0,"2":0},"f":{"0":0},"b":{}}
,"/home/apinto/Documents/workspaces/technical-test/technical-test_hl2022_vuejs-exercice/src/SupplyPoint/infrastructure/repositories/fromJson/ClientRepository/index.ts": {"path":"/home/apinto/Documents/workspaces/technical-test/technical-test_hl2022_vuejs-exercice/src/SupplyPoint/infrastructure/repositories/fromJson/ClientRepository/index.ts","statementMap":{"0":{"start":{"line":1,"column":0},"end":{"line":1,"column":null}},"1":{"start":{"line":4,"column":0},"end":{"line":4,"column":null}},"2":{"start":{"line":8,"column":19},"end":{"line":10,"column":45}},"3":{"start":{"line":10,"column":24},"end":{"line":10,"column":44}},"4":{"start":{"line":13,"column":4},"end":{"line":13,"column":null}},"5":{"start":{"line":13,"column":29},"end":{"line":13,"column":52}},"6":{"start":{"line":16,"column":6},"end":{"line":16,"column":null}},"7":{"start":{"line":19,"column":4},"end":{"line":19,"column":null}},"8":{"start":{"line":24,"column":20},"end":{"line":24,"column":58}},"9":{"start":{"line":26,"column":4},"end":{"line":26,"column":null}},"10":{"start":{"line":6,"column":0},"end":{"line":6,"column":21}}},"fnMap":{"0":{"name":"(anonymous_1)","decl":{"start":{"line":7,"column":2},"end":{"line":7,"column":8}},"loc":{"start":{"line":7,"column":34},"end":{"line":20,"column":null}}},"1":{"name":"(anonymous_2)","decl":{"start":{"line":10,"column":13},"end":{"line":10,"column":19}},"loc":{"start":{"line":10,"column":24},"end":{"line":10,"column":44}}},"2":{"name":"(anonymous_3)","decl":{"start":{"line":13,"column":23},"end":{"line":13,"column":24}},"loc":{"start":{"line":13,"column":29},"end":{"line":13,"column":52}}},"3":{"name":"(anonymous_4)","decl":{"start":{"line":23,"column":2},"end":{"line":23,"column":15}},"loc":{"start":{"line":23,"column":15},"end":{"line":27,"column":null}}}},"branchMap":{},"s":{"0":0,"1":0,"2":0,"3":0,"4":0,"5":0,"6":0,"7":0,"8":0,"9":0,"10":0},"f":{"0":0,"1":0,"2":0,"3":0},"b":{}}
,"/home/apinto/Documents/workspaces/technical-test/technical-test_hl2022_vuejs-exercice/src/SupplyPoint/infrastructure/repositories/fromJson/SupplyPointRepository/index.ts": {"path":"/home/apinto/Documents/workspaces/technical-test/technical-test_hl2022_vuejs-exercice/src/SupplyPoint/infrastructure/repositories/fromJson/SupplyPointRepository/index.ts","statementMap":{"0":{"start":{"line":2,"column":0},"end":{"line":2,"column":null}},"1":{"start":{"line":3,"column":0},"end":{"line":3,"column":null}},"2":{"start":{"line":7,"column":24},"end":{"line":9,"column":55}},"3":{"start":{"line":9,"column":29},"end":{"line":9,"column":54}},"4":{"start":{"line":12,"column":4},"end":{"line":12,"column":null}},"5":{"start":{"line":12,"column":29},"end":{"line":12,"column":52}},"6":{"start":{"line":15,"column":6},"end":{"line":15,"column":null}},"7":{"start":{"line":18,"column":4},"end":{"line":18,"column":null}},"8":{"start":{"line":23,"column":25},"end":{"line":23,"column":73}},"9":{"start":{"line":24,"column":4},"end":{"line":24,"column":null}},"10":{"start":{"line":5,"column":0},"end":{"line":5,"column":21}}},"fnMap":{"0":{"name":"(anonymous_1)","decl":{"start":{"line":6,"column":2},"end":{"line":6,"column":8}},"loc":{"start":{"line":6,"column":39},"end":{"line":19,"column":null}}},"1":{"name":"(anonymous_2)","decl":{"start":{"line":9,"column":13},"end":{"line":9,"column":24}},"loc":{"start":{"line":9,"column":29},"end":{"line":9,"column":54}}},"2":{"name":"(anonymous_3)","decl":{"start":{"line":12,"column":23},"end":{"line":12,"column":24}},"loc":{"start":{"line":12,"column":29},"end":{"line":12,"column":52}}},"3":{"name":"(anonymous_4)","decl":{"start":{"line":22,"column":2},"end":{"line":22,"column":20}},"loc":{"start":{"line":22,"column":20},"end":{"line":25,"column":null}}}},"branchMap":{},"s":{"0":0,"1":0,"2":0,"3":0,"4":0,"5":0,"6":0,"7":0,"8":0,"9":0,"10":0},"f":{"0":0,"1":0,"2":0,"3":0},"b":{}}
,"/home/apinto/Documents/workspaces/technical-test/technical-test_hl2022_vuejs-exercice/src/SupplyPoint/infrastructure/repositories/fromJson/SupplyPointRepository/supplyPointFromJsonAdapter.ts": {"path":"/home/apinto/Documents/workspaces/technical-test/technical-test_hl2022_vuejs-exercice/src/SupplyPoint/infrastructure/repositories/fromJson/SupplyPointRepository/supplyPointFromJsonAdapter.ts","statementMap":{"0":{"start":{"line":1,"column":0},"end":{"line":1,"column":null}},"1":{"start":{"line":4,"column":0},"end":{"line":20,"column":null}},"2":{"start":{"line":11,"column":2},"end":{"line":19,"column":null}}},"fnMap":{"0":{"name":"(anonymous_1)","decl":{"start":{"line":4,"column":15},"end":{"line":4,"column":16}},"loc":{"start":{"line":11,"column":2},"end":{"line":19,"column":null}}}},"branchMap":{},"s":{"0":0,"1":0,"2":0},"f":{"0":0},"b":{}}
,"/home/apinto/Documents/workspaces/technical-test/technical-test_hl2022_vuejs-exercice/src/SupplyPoint/infrastructure/repositories/mocks/ClientRepositoryMock.ts": {"path":"/home/apinto/Documents/workspaces/technical-test/technical-test_hl2022_vuejs-exercice/src/SupplyPoint/infrastructure/repositories/mocks/ClientRepositoryMock.ts","statementMap":{"0":{"start":{"line":5,"column":66},"end":{"line":5,"column":69}},"1":{"start":{"line":5,"column":21},"end":{"line":5,"column":39}},"2":{"start":{"line":5,"column":48},"end":{"line":5,"column":66}},"3":{"start":{"line":3,"column":0},"end":{"line":3,"column":21}}},"fnMap":{"0":{"name":"(anonymous_0)","decl":{"start":{"line":5,"column":2},"end":{"line":5,"column":21}},"loc":{"start":{"line":5,"column":66},"end":{"line":5,"column":null}}}},"branchMap":{},"s":{"0":8,"1":4,"2":4,"3":2},"f":{"0":4},"b":{}}
,"/home/apinto/Documents/workspaces/technical-test/technical-test_hl2022_vuejs-exercice/src/SupplyPoint/infrastructure/repositories/mocks/SupplyPointRepositoryMock.ts": {"path":"/home/apinto/Documents/workspaces/technical-test/technical-test_hl2022_vuejs-exercice/src/SupplyPoint/infrastructure/repositories/mocks/SupplyPointRepositoryMock.ts","statementMap":{"0":{"start":{"line":7,"column":76},"end":{"line":7,"column":79}},"1":{"start":{"line":7,"column":21},"end":{"line":7,"column":44}},"2":{"start":{"line":7,"column":53},"end":{"line":7,"column":76}},"3":{"start":{"line":3,"column":0},"end":{"line":3,"column":21}}},"fnMap":{"0":{"name":"(anonymous_0)","decl":{"start":{"line":7,"column":2},"end":{"line":7,"column":21}},"loc":{"start":{"line":7,"column":76},"end":{"line":7,"column":null}}}},"branchMap":{},"s":{"0":14,"1":7,"2":7,"3":3},"f":{"0":7},"b":{}}
,"/home/apinto/Documents/workspaces/technical-test/technical-test_hl2022_vuejs-exercice/src/components/AppAlert.vue": {"path":"/home/apinto/Documents/workspaces/technical-test/technical-test_hl2022_vuejs-exercice/src/components/AppAlert.vue","statementMap":{"0":{"start":{"line":3,"column":0},"end":{"line":5,"column":3}},"1":{"start":{"line":6,"column":12},"end":{"line":6,"column":26}},"2":{"start":{"line":7,"column":0},"end":{"line":7,"column":49}},"3":{"start":{"line":8,"column":0},"end":{"line":8,"column":13}},"4":{"start":{"line":9,"column":0},"end":{"line":9,"column":62}},"5":{"start":{"line":10,"column":0},"end":{"line":10,"column":24}},"6":{"start":{"line":11,"column":12},"end":{"line":11,"column":26}},"7":{"start":{"line":12,"column":17},"end":{"line":15,"column":1}},"8":{"start":{"line":17,"column":4},"end":{"line":19,"column":8}},"9":{"start":{"line":21,"column":0},"end":{"line":21,"column":24}},"10":{"start":{"line":22,"column":1},"end":{"line":22,"column":48}}},"fnMap":{"0":{"name":"render","decl":{"start":{"line":16,"column":9},"end":{"line":16,"column":15}},"loc":{"start":{"line":16,"column":30},"end":{"line":20,"column":1}},"line":16}},"branchMap":{},"s":{"0":1,"1":1,"2":1,"3":1,"4":1,"5":1,"6":1,"7":1,"8":0,"9":1,"10":1},"f":{"0":0},"b":{},"inputSourceMap":{"0":"{","1":"\"","2":"v","3":"e","4":"r","5":"s","6":"i","7":"o","8":"n","9":"\"","10":":","11":"3","12":",","13":"\"","14":"s","15":"o","16":"u","17":"r","18":"c","19":"e","20":"s","21":"\"","22":":","23":"[","24":"\"","25":"/","26":"h","27":"o","28":"m","29":"e","30":"/","31":"a","32":"p","33":"i","34":"n","35":"t","36":"o","37":"/","38":"D","39":"o","40":"c","41":"u","42":"m","43":"e","44":"n","45":"t","46":"s","47":"/","48":"w","49":"o","50":"r","51":"k","52":"s","53":"p","54":"a","55":"c","56":"e","57":"s","58":"/","59":"t","60":"e","61":"c","62":"h","63":"n","64":"i","65":"c","66":"a","67":"l","68":"-","69":"t","70":"e","71":"s","72":"t","73":"/","74":"t","75":"e","76":"c","77":"h","78":"n","79":"i","80":"c","81":"a","82":"l","83":"-","84":"t","85":"e","86":"s","87":"t","88":"_","89":"h","90":"l","91":"2","92":"0","93":"2","94":"2","95":"_","96":"v","97":"u","98":"e","99":"j","100":"s","101":"-","102":"e","103":"x","104":"e","105":"r","106":"c","107":"i","108":"c","109":"e","110":"/","111":"s","112":"r","113":"c","114":"/","115":"c","116":"o","117":"m","118":"p","119":"o","120":"n","121":"e","122":"n","123":"t","124":"s","125":"/","126":"A","127":"p","128":"p","129":"A","130":"l","131":"e","132":"r","133":"t","134":".","135":"v","136":"u","137":"e","138":"\"","139":"]","140":",","141":"\"","142":"n","143":"a","144":"m","145":"e","146":"s","147":"\"","148":":","149":"[","150":"]","151":",","152":"\"","153":"m","154":"a","155":"p","156":"p","157":"i","158":"n","159":"g","160":"s","161":"\"","162":":","163":"\"","164":";","165":";","166":";","167":";","168":";","169":"A","170":"A","171":"U","172":"A","173":";","174":"A","175":"A","176":"E","177":"A","178":",","179":"k","180":"B","181":"A","182":"A","183":"e","184":",","185":"y","186":"B","187":"A","188":"A","189":"e","190":",","191":"E","192":"A","193":"A","194":"C","195":",","196":"E","197":"A","198":"A","199":"E","200":",","201":"C","202":"A","203":"A","204":"C","205":"\"","206":",","207":"\"","208":"f","209":"i","210":"l","211":"e","212":"\"","213":":","214":"\"","215":"/","216":"h","217":"o","218":"m","219":"e","220":"/","221":"a","222":"p","223":"i","224":"n","225":"t","226":"o","227":"/","228":"D","229":"o","230":"c","231":"u","232":"m","233":"e","234":"n","235":"t","236":"s","237":"/","238":"w","239":"o","240":"r","241":"k","242":"s","243":"p","244":"a","245":"c","246":"e","247":"s","248":"/","249":"t","250":"e","251":"c","252":"h","253":"n","254":"i","255":"c","256":"a","257":"l","258":"-","259":"t","260":"e","261":"s","262":"t","263":"/","264":"t","265":"e","266":"c","267":"h","268":"n","269":"i","270":"c","271":"a","272":"l","273":"-","274":"t","275":"e","276":"s","277":"t","278":"_","279":"h","280":"l","281":"2","282":"0","283":"2","284":"2","285":"_","286":"v","287":"u","288":"e","289":"j","290":"s","291":"-","292":"e","293":"x","294":"e","295":"r","296":"c","297":"i","298":"c","299":"e","300":"/","301":"s","302":"r","303":"c","304":"/","305":"c","306":"o","307":"m","308":"p","309":"o","310":"n","311":"e","312":"n","313":"t","314":"s","315":"/","316":"A","317":"p","318":"p","319":"A","320":"l","321":"e","322":"r","323":"t","324":".","325":"v","326":"u","327":"e","328":"\"","329":",","330":"\"","331":"s","332":"o","333":"u","334":"r","335":"c","336":"e","337":"s","338":"C","339":"o","340":"n","341":"t","342":"e","343":"n","344":"t","345":"\"","346":":","347":"[","348":"\"","349":"<","350":"t","351":"e","352":"m","353":"p","354":"l","355":"a","356":"t","357":"e","358":">","359":"\\","360":"n","361":" ","362":" ","363":"<","364":"d","365":"i","366":"v","367":"\\","368":"n","369":" ","370":" ","371":" ","372":" ","373":"c","374":"l","375":"a","376":"s","377":"s","378":"=","379":"\\","380":"\"","381":"p","382":"-","383":"4","384":" ","385":"m","386":"b","387":"-","388":"4","389":" ","390":"t","391":"e","392":"x","393":"t","394":"-","395":"s","396":"m","397":" ","398":"t","399":"e","400":"x","401":"t","402":"-","403":"y","404":"e","405":"l","406":"l","407":"o","408":"w","409":"-","410":"7","411":"0","412":"0","413":" ","414":"b","415":"g","416":"-","417":"y","418":"e","419":"l","420":"l","421":"o","422":"w","423":"-","424":"1","425":"0","426":"0","427":" ","428":"r","429":"o","430":"u","431":"n","432":"d","433":"e","434":"d","435":"-","436":"l","437":"g","438":" ","439":"d","440":"a","441":"r","442":"k","443":":","444":"b","445":"g","446":"-","447":"y","448":"e","449":"l","450":"l","451":"o","452":"w","453":"-","454":"2","455":"0","456":"0","457":" ","458":"d","459":"a","460":"r","461":"k","462":":","463":"t","464":"e","465":"x","466":"t","467":"-","468":"y","469":"e","470":"l","471":"l","472":"o","473":"w","474":"-","475":"8","476":"0","477":"0","478":"\\","479":"\"","480":"\\","481":"n","482":" ","483":" ","484":" ","485":" ","486":"r","487":"o","488":"l","489":"e","490":"=","491":"\\","492":"\"","493":"a","494":"l","495":"e","496":"r","497":"t","498":"\\","499":"\"","500":"\\","501":"n","502":" ","503":" ","504":">","505":"\\","506":"n","507":" ","508":" ","509":" ","510":" ","511":"<","512":"s","513":"l","514":"o","515":"t","516":">","517":"<","518":"/","519":"s","520":"l","521":"o","522":"t","523":">","524":"\\","525":"n","526":" ","527":" ","528":"<","529":"/","530":"d","531":"i","532":"v","533":">","534":"\\","535":"n","536":"<","537":"/","538":"t","539":"e","540":"m","541":"p","542":"l","543":"a","544":"t","545":"e","546":">","547":"\\","548":"n","549":"\\","550":"n","551":"<","552":"s","553":"c","554":"r","555":"i","556":"p","557":"t","558":" ","559":"l","560":"a","561":"n","562":"g","563":"=","564":"\\","565":"\"","566":"t","567":"s","568":"\\","569":"\"","570":">","571":"\\","572":"n","573":"i","574":"m","575":"p","576":"o","577":"r","578":"t","579":" ","580":"{","581":" ","582":"d","583":"e","584":"f","585":"i","586":"n","587":"e","588":"C","589":"o","590":"m","591":"p","592":"o","593":"n","594":"e","595":"n","596":"t","597":" ","598":"}","599":" ","600":"f","601":"r","602":"o","603":"m","604":" ","605":"\\","606":"\"","607":"v","608":"u","609":"e","610":"\\","611":"\"","612":";","613":"\\","614":"n","615":"\\","616":"n","617":"e","618":"x","619":"p","620":"o","621":"r","622":"t","623":" ","624":"d","625":"e","626":"f","627":"a","628":"u","629":"l","630":"t","631":" ","632":"d","633":"e","634":"f","635":"i","636":"n","637":"e","638":"C","639":"o","640":"m","641":"p","642":"o","643":"n","644":"e","645":"n","646":"t","647":"(","648":"{","649":"}","650":")","651":";","652":"\\","653":"n","654":"<","655":"/","656":"s","657":"c","658":"r","659":"i","660":"p","661":"t","662":">","663":"\\","664":"n","665":"\\","666":"n","667":"<","668":"s","669":"t","670":"y","671":"l","672":"e","673":" ","674":"l","675":"a","676":"n","677":"g","678":"=","679":"\\","680":"\"","681":"s","682":"c","683":"s","684":"s","685":"\\","686":"\"","687":" ","688":"s","689":"c","690":"o","691":"p","692":"e","693":"d","694":">","695":"<","696":"/","697":"s","698":"t","699":"y","700":"l","701":"e","702":">","703":"\\","704":"n","705":"\"","706":"]","707":"}"},"_coverageSchema":"1a1c01bbd47fc00a2c39e90264f33305004495a9","hash":"5e0bd44eef8bb1019b5fca9e8134070f0c96770e"}
,"/home/apinto/Documents/workspaces/technical-test/technical-test_hl2022_vuejs-exercice/src/components/AppLoading.vue": {"path":"/home/apinto/Documents/workspaces/technical-test/technical-test_hl2022_vuejs-exercice/src/components/AppLoading.vue","statementMap":{"0":{"start":{"line":3,"column":0},"end":{"line":5,"column":3}},"1":{"start":{"line":6,"column":12},"end":{"line":6,"column":26}},"2":{"start":{"line":7,"column":0},"end":{"line":11,"column":3}},"3":{"start":{"line":9,"column":4},"end":{"line":9,"column":14}},"4":{"start":{"line":12,"column":0},"end":{"line":12,"column":13}},"5":{"start":{"line":13,"column":0},"end":{"line":13,"column":62}},"6":{"start":{"line":14,"column":0},"end":{"line":14,"column":24}},"7":{"start":{"line":15,"column":12},"end":{"line":15,"column":26}},"8":{"start":{"line":16,"column":17},"end":{"line":16,"column":35}},"9":{"start":{"line":17,"column":31},"end":{"line":32,"column":20}},"10":{"start":{"line":33,"column":17},"end":{"line":35,"column":1}},"11":{"start":{"line":37,"column":4},"end":{"line":37,"column":98}},"12":{"start":{"line":39,"column":0},"end":{"line":39,"column":24}},"13":{"start":{"line":40,"column":1},"end":{"line":40,"column":48}}},"fnMap":{"0":{"name":"(anonymous_0)","decl":{"start":{"line":8,"column":9},"end":{"line":8,"column":10}},"loc":{"start":{"line":8,"column":21},"end":{"line":10,"column":3}},"line":8},"1":{"name":"render","decl":{"start":{"line":36,"column":9},"end":{"line":36,"column":15}},"loc":{"start":{"line":36,"column":30},"end":{"line":38,"column":1}},"line":36}},"branchMap":{},"s":{"0":1,"1":1,"2":1,"3":0,"4":1,"5":1,"6":1,"7":1,"8":1,"9":1,"10":1,"11":0,"12":1,"13":1},"f":{"0":0,"1":0},"b":{},"inputSourceMap":{"0":"{","1":"\"","2":"v","3":"e","4":"r","5":"s","6":"i","7":"o","8":"n","9":"\"","10":":","11":"3","12":",","13":"\"","14":"s","15":"o","16":"u","17":"r","18":"c","19":"e","20":"s","21":"\"","22":":","23":"[","24":"\"","25":"/","26":"h","27":"o","28":"m","29":"e","30":"/","31":"a","32":"p","33":"i","34":"n","35":"t","36":"o","37":"/","38":"D","39":"o","40":"c","41":"u","42":"m","43":"e","44":"n","45":"t","46":"s","47":"/","48":"w","49":"o","50":"r","51":"k","52":"s","53":"p","54":"a","55":"c","56":"e","57":"s","58":"/","59":"t","60":"e","61":"c","62":"h","63":"n","64":"i","65":"c","66":"a","67":"l","68":"-","69":"t","70":"e","71":"s","72":"t","73":"/","74":"t","75":"e","76":"c","77":"h","78":"n","79":"i","80":"c","81":"a","82":"l","83":"-","84":"t","85":"e","86":"s","87":"t","88":"_","89":"h","90":"l","91":"2","92":"0","93":"2","94":"2","95":"_","96":"v","97":"u","98":"e","99":"j","100":"s","101":"-","102":"e","103":"x","104":"e","105":"r","106":"c","107":"i","108":"c","109":"e","110":"/","111":"s","112":"r","113":"c","114":"/","115":"c","116":"o","117":"m","118":"p","119":"o","120":"n","121":"e","122":"n","123":"t","124":"s","125":"/","126":"A","127":"p","128":"p","129":"L","130":"o","131":"a","132":"d","133":"i","134":"n","135":"g","136":".","137":"v","138":"u","139":"e","140":"\"","141":"]","142":",","143":"\"","144":"n","145":"a","146":"m","147":"e","148":"s","149":"\"","150":":","151":"[","152":"]","153":",","154":"\"","155":"m","156":"a","157":"p","158":"p","159":"i","160":"n","161":"g","162":"s","163":"\"","164":":","165":"\"","166":";","167":";","168":";","169":";","170":";","171":"A","172":"A","173":"s","174":"B","175":"A","176":";","177":"A","178":"A","179":"E","180":"A","181":",","182":"k","183":"B","184":"A","185":"A","186":"e","187":",","188":"y","189":"B","190":"A","191":"A","192":"e","193":",","194":"E","195":"A","196":"A","197":"C","198":";","199":"E","200":"A","201":"C","202":"7","203":"B","204":",","205":"K","206":"A","207":"A","208":"K","209":";","210":"I","211":"A","212":"C","213":"H","214":",","215":"O","216":"A","217":"A","218":"O","219":",","220":"E","221":"A","222":"A","223":"E","224":";","225":"E","226":"A","227":"C","228":"X","229":";","230":"C","231":"A","232":"C","233":"D","234":",","235":"C","236":"A","237":"A","238":"C","239":"\"","240":",","241":"\"","242":"f","243":"i","244":"l","245":"e","246":"\"","247":":","248":"\"","249":"/","250":"h","251":"o","252":"m","253":"e","254":"/","255":"a","256":"p","257":"i","258":"n","259":"t","260":"o","261":"/","262":"D","263":"o","264":"c","265":"u","266":"m","267":"e","268":"n","269":"t","270":"s","271":"/","272":"w","273":"o","274":"r","275":"k","276":"s","277":"p","278":"a","279":"c","280":"e","281":"s","282":"/","283":"t","284":"e","285":"c","286":"h","287":"n","288":"i","289":"c","290":"a","291":"l","292":"-","293":"t","294":"e","295":"s","296":"t","297":"/","298":"t","299":"e","300":"c","301":"h","302":"n","303":"i","304":"c","305":"a","306":"l","307":"-","308":"t","309":"e","310":"s","311":"t","312":"_","313":"h","314":"l","315":"2","316":"0","317":"2","318":"2","319":"_","320":"v","321":"u","322":"e","323":"j","324":"s","325":"-","326":"e","327":"x","328":"e","329":"r","330":"c","331":"i","332":"c","333":"e","334":"/","335":"s","336":"r","337":"c","338":"/","339":"c","340":"o","341":"m","342":"p","343":"o","344":"n","345":"e","346":"n","347":"t","348":"s","349":"/","350":"A","351":"p","352":"p","353":"L","354":"o","355":"a","356":"d","357":"i","358":"n","359":"g","360":".","361":"v","362":"u","363":"e","364":"\"","365":",","366":"\"","367":"s","368":"o","369":"u","370":"r","371":"c","372":"e","373":"s","374":"C","375":"o","376":"n","377":"t","378":"e","379":"n","380":"t","381":"\"","382":":","383":"[","384":"\"","385":"<","386":"t","387":"e","388":"m","389":"p","390":"l","391":"a","392":"t","393":"e","394":">","395":"\\","396":"n","397":" ","398":" ","399":"<","400":"d","401":"i","402":"v","403":" ","404":"r","405":"o","406":"l","407":"e","408":"=","409":"\\","410":"\"","411":"s","412":"t","413":"a","414":"t","415":"u","416":"s","417":"\\","418":"\"","419":">","420":"\\","421":"n","422":" ","423":" ","424":" ","425":" ","426":"<","427":"s","428":"v","429":"g","430":"\\","431":"n","432":" ","433":" ","434":" ","435":" ","436":" ","437":" ","438":"a","439":"r","440":"i","441":"a","442":"-","443":"h","444":"i","445":"d","446":"d","447":"e","448":"n","449":"=","450":"\\","451":"\"","452":"t","453":"r","454":"u","455":"e","456":"\\","457":"\"","458":"\\","459":"n","460":" ","461":" ","462":" ","463":" ","464":" ","465":" ","466":"c","467":"l","468":"a","469":"s","470":"s","471":"=","472":"\\","473":"\"","474":"m","475":"r","476":"-","477":"2","478":" ","479":"w","480":"-","481":"8","482":" ","483":"h","484":"-","485":"8","486":" ","487":"t","488":"e","489":"x","490":"t","491":"-","492":"g","493":"r","494":"a","495":"y","496":"-","497":"2","498":"0","499":"0","500":" ","501":"a","502":"n","503":"i","504":"m","505":"a","506":"t","507":"e","508":"-","509":"s","510":"p","511":"i","512":"n","513":" ","514":"d","515":"a","516":"r","517":"k","518":":","519":"t","520":"e","521":"x","522":"t","523":"-","524":"g","525":"r","526":"a","527":"y","528":"-","529":"6","530":"0","531":"0","532":" ","533":"f","534":"i","535":"l","536":"l","537":"-","538":"b","539":"l","540":"u","541":"e","542":"-","543":"6","544":"0","545":"0","546":"\\","547":"\"","548":"\\","549":"n","550":" ","551":" ","552":" ","553":" ","554":" ","555":" ","556":"v","557":"i","558":"e","559":"w","560":"B","561":"o","562":"x","563":"=","564":"\\","565":"\"","566":"0","567":" ","568":"0","569":" ","570":"1","571":"0","572":"0","573":" ","574":"1","575":"0","576":"1","577":"\\","578":"\"","579":"\\","580":"n","581":" ","582":" ","583":" ","584":" ","585":" ","586":" ","587":"f","588":"i","589":"l","590":"l","591":"=","592":"\\","593":"\"","594":"n","595":"o","596":"n","597":"e","598":"\\","599":"\"","600":"\\","601":"n","602":" ","603":" ","604":" ","605":" ","606":" ","607":" ","608":"x","609":"m","610":"l","611":"n","612":"s","613":"=","614":"\\","615":"\"","616":"h","617":"t","618":"t","619":"p","620":":","621":"/","622":"/","623":"w","624":"w","625":"w","626":".","627":"w","628":"3","629":".","630":"o","631":"r","632":"g","633":"/","634":"2","635":"0","636":"0","637":"0","638":"/","639":"s","640":"v","641":"g","642":"\\","643":"\"","644":"\\","645":"n","646":" ","647":" ","648":" ","649":" ","650":">","651":"\\","652":"n","653":" ","654":" ","655":" ","656":" ","657":" ","658":" ","659":"<","660":"p","661":"a","662":"t","663":"h","664":"\\","665":"n","666":" ","667":" ","668":" ","669":" ","670":" ","671":" ","672":" ","673":" ","674":"d","675":"=","676":"\\","677":"\"","678":"M","679":"1","680":"0","681":"0","682":" ","683":"5","684":"0","685":".","686":"5","687":"9","688":"0","689":"8","690":"C","691":"1","692":"0","693":"0","694":" ","695":"7","696":"8","697":".","698":"2","699":"0","700":"5","701":"1","702":" ","703":"7","704":"7","705":".","706":"6","707":"1","708":"4","709":"2","710":" ","711":"1","712":"0","713":"0","714":".","715":"5","716":"9","717":"1","718":" ","719":"5","720":"0","721":" ","722":"1","723":"0","724":"0","725":".","726":"5","727":"9","728":"1","729":"C","730":"2","731":"2","732":".","733":"3","734":"8","735":"5","736":"8","737":" ","738":"1","739":"0","740":"0","741":".","742":"5","743":"9","744":"1","745":" ","746":"0","747":" ","748":"7","749":"8","750":".","751":"2","752":"0","753":"5","754":"1","755":" ","756":"0","757":" ","758":"5","759":"0","760":".","761":"5","762":"9","763":"0","764":"8","765":"C","766":"0","767":" ","768":"2","769":"2","770":".","771":"9","772":"7","773":"6","774":"6","775":" ","776":"2","777":"2","778":".","779":"3","780":"8","781":"5","782":"8","783":" ","784":"0","785":".","786":"5","787":"9","788":"0","789":"8","790":"2","791":" ","792":"5","793":"0","794":" ","795":"0","796":".","797":"5","798":"9","799":"0","800":"8","801":"2","802":"C","803":"7","804":"7","805":".","806":"6","807":"1","808":"4","809":"2","810":" ","811":"0","812":".","813":"5","814":"9","815":"0","816":"8","817":"2","818":" ","819":"1","820":"0","821":"0","822":" ","823":"2","824":"2","825":".","826":"9","827":"7","828":"6","829":"6","830":" ","831":"1","832":"0","833":"0","834":" ","835":"5","836":"0","837":".","838":"5","839":"9","840":"0","841":"8","842":"Z","843":"M","844":"9","845":".","846":"0","847":"8","848":"1","849":"4","850":"4","851":" ","852":"5","853":"0","854":".","855":"5","856":"9","857":"0","858":"8","859":"C","860":"9","861":".","862":"0","863":"8","864":"1","865":"4","866":"4","867":" ","868":"7","869":"3","870":".","871":"1","872":"8","873":"9","874":"5","875":" ","876":"2","877":"7","878":".","879":"4","880":"0","881":"1","882":"3","883":" ","884":"9","885":"1","886":".","887":"5","888":"0","889":"9","890":"4","891":" ","892":"5","893":"0","894":" ","895":"9","896":"1","897":".","898":"5","899":"0","900":"9","901":"4","902":"C","903":"7","904":"2","905":".","906":"5","907":"9","908":"8","909":"7","910":" ","911":"9","912":"1","913":".","914":"5","915":"0","916":"9","917":"4","918":" ","919":"9","920":"0","921":".","922":"9","923":"1","924":"8","925":"6","926":" ","927":"7","928":"3","929":".","930":"1","931":"8","932":"9","933":"5","934":" ","935":"9","936":"0","937":".","938":"9","939":"1","940":"8","941":"6","942":" ","943":"5","944":"0","945":".","946":"5","947":"9","948":"0","949":"8","950":"C","951":"9","952":"0","953":".","954":"9","955":"1","956":"8","957":"6","958":" ","959":"2","960":"7","961":".","962":"9","963":"9","964":"2","965":"1","966":" ","967":"7","968":"2","969":".","970":"5","971":"9","972":"8","973":"7","974":" ","975":"9","976":".","977":"6","978":"7","979":"2","980":"2","981":"6","982":" ","983":"5","984":"0","985":" ","986":"9","987":".","988":"6","989":"7","990":"2","991":"2","992":"6","993":"C","994":"2","995":"7","996":".","997":"4","998":"0","999":"1","1000":"3","1001":" ","1002":"9","1003":".","1004":"6","1005":"7","1006":"2","1007":"2","1008":"6","1009":" ","1010":"9","1011":".","1012":"0","1013":"8","1014":"1","1015":"4","1016":"4","1017":" ","1018":"2","1019":"7","1020":".","1021":"9","1022":"9","1023":"2","1024":"1","1025":" ","1026":"9","1027":".","1028":"0","1029":"8","1030":"1","1031":"4","1032":"4","1033":" ","1034":"5","1035":"0","1036":".","1037":"5","1038":"9","1039":"0","1040":"8","1041":"Z","1042":"\\","1043":"\"","1044":"\\","1045":"n","1046":" ","1047":" ","1048":" ","1049":" ","1050":" ","1051":" ","1052":" ","1053":" ","1054":"f","1055":"i","1056":"l","1057":"l","1058":"=","1059":"\\","1060":"\"","1061":"c","1062":"u","1063":"r","1064":"r","1065":"e","1066":"n","1067":"t","1068":"C","1069":"o","1070":"l","1071":"o","1072":"r","1073":"\\","1074":"\"","1075":"\\","1076":"n","1077":" ","1078":" ","1079":" ","1080":" ","1081":" ","1082":" ","1083":"/","1084":">","1085":"\\","1086":"n","1087":" ","1088":" ","1089":" ","1090":" ","1091":" ","1092":" ","1093":"<","1094":"p","1095":"a","1096":"t","1097":"h","1098":"\\","1099":"n","1100":" ","1101":" ","1102":" ","1103":" ","1104":" ","1105":" ","1106":" ","1107":" ","1108":"d","1109":"=","1110":"\\","1111":"\"","1112":"M","1113":"9","1114":"3","1115":".","1116":"9","1117":"6","1118":"7","1119":"6","1120":" ","1121":"3","1122":"9","1123":".","1124":"0","1125":"4","1126":"0","1127":"9","1128":"C","1129":"9","1130":"6","1131":".","1132":"3","1133":"9","1134":"3","1135":" ","1136":"3","1137":"8","1138":".","1139":"4","1140":"0","1141":"3","1142":"8","1143":" ","1144":"9","1145":"7","1146":".","1147":"8","1148":"6","1149":"2","1150":"4","1151":" ","1152":"3","1153":"5","1154":".","1155":"9","1156":"1","1157":"1","1158":"6","1159":" ","1160":"9","1161":"7","1162":".","1163":"0","1164":"0","1165":"7","1166":"9","1167":" ","1168":"3","1169":"3","1170":".","1171":"5","1172":"5","1173":"3","1174":"9","1175":"C","1176":"9","1177":"5","1178":".","1179":"2","1180":"9","1181":"3","1182":"2","1183":" ","1184":"2","1185":"8","1186":".","1187":"8","1188":"2","1189":"2","1190":"7","1191":" ","1192":"9","1193":"2","1194":".","1195":"8","1196":"7","1197":"1","1198":" ","1199":"2","1200":"4","1201":".","1202":"3","1203":"6","1204":"9","1205":"2","1206":" ","1207":"8","1208":"9","1209":".","1210":"8","1211":"1","1212":"6","1213":"7","1214":" ","1215":"2","1216":"0","1217":".","1218":"3","1219":"4","1220":"8","1221":"C","1222":"8","1223":"5","1224":".","1225":"8","1226":"4","1227":"5","1228":"2","1229":" ","1230":"1","1231":"5","1232":".","1233":"1","1234":"1","1235":"9","1236":"2","1237":" ","1238":"8","1239":"0","1240":".","1241":"8","1242":"8","1243":"2","1244":"6","1245":" ","1246":"1","1247":"0","1248":".","1249":"7","1250":"2","1251":"3","1252":"8","1253":" ","1254":"7","1255":"5","1256":".","1257":"2","1258":"1","1259":"2","1260":"4","1261":" ","1262":"7","1263":".","1264":"4","1265":"1","1266":"2","1267":"8","1268":"9","1269":"C","1270":"6","1271":"9","1272":".","1273":"5","1274":"4","1275":"2","1276":"2","1277":" ","1278":"4","1279":".","1280":"1","1281":"0","1282":"1","1283":"9","1284":"4","1285":" ","1286":"6","1287":"3","1288":".","1289":"2","1290":"7","1291":"5","1292":"4","1293":" ","1294":"1","1295":".","1296":"9","1297":"4","1298":"0","1299":"2","1300":"5","1301":" ","1302":"5","1303":"6","1304":".","1305":"7","1306":"6","1307":"9","1308":"8","1309":" ","1310":"1","1311":".","1312":"0","1313":"5","1314":"1","1315":"2","1316":"4","1317":"C","1318":"5","1319":"1","1320":".","1321":"7","1322":"6","1323":"6","1324":"6","1325":" ","1326":"0","1327":".","1328":"3","1329":"6","1330":"7","1331":"5","1332":"4","1333":"1","1334":" ","1335":"4","1336":"6","1337":".","1338":"6","1339":"9","1340":"7","1341":"6","1342":" ","1343":"0","1344":".","1345":"4","1346":"4","1347":"6","1348":"8","1349":"4","1350":"3","1351":" ","1352":"4","1353":"1","1354":".","1355":"7","1356":"3","1357":"4","1358":"5","1359":" ","1360":"1","1361":".","1362":"2","1363":"7","1364":"8","1365":"7","1366":"3","1367":"C","1368":"3","1369":"9","1370":".","1371":"2","1372":"6","1373":"1","1374":"3","1375":" ","1376":"1","1377":".","1378":"6","1379":"9","1380":"3","1381":"2","1382":"8","1383":" ","1384":"3","1385":"7","1386":".","1387":"8","1388":"1","1389":"3","1390":" ","1391":"4","1392":".","1393":"1","1394":"9","1395":"7","1396":"7","1397":"8","1398":" ","1399":"3","1400":"8","1401":".","1402":"4","1403":"5","1404":"0","1405":"1","1406":" ","1407":"6","1408":".","1409":"6","1410":"2","1411":"3","1412":"2","1413":"6","1414":"C","1415":"3","1416":"9","1417":".","1418":"0","1419":"8","1420":"7","1421":"3","1422":" ","1423":"9","1424":".","1425":"0","1426":"4","1427":"8","1428":"7","1429":"4","1430":" ","1431":"4","1432":"1","1433":".","1434":"5","1435":"6","1436":"9","1437":"4","1438":" ","1439":"1","1440":"0","1441":".","1442":"4","1443":"7","1444":"1","1445":"7","1446":" ","1447":"4","1448":"4","1449":".","1450":"0","1451":"5","1452":"0","1453":"5","1454":" ","1455":"1","1456":"0","1457":".","1458":"1","1459":"0","1460":"7","1461":"1","1462":"C","1463":"4","1464":"7","1465":".","1466":"8","1467":"5","1468":"1","1469":"1","1470":" ","1471":"9","1472":".","1473":"5","1474":"4","1475":"8","1476":"5","1477":"5","1478":" ","1479":"5","1480":"1","1481":".","1482":"7","1483":"1","1484":"9","1485":"1","1486":" ","1487":"9","1488":".","1489":"5","1490":"2","1491":"6","1492":"8","1493":"9","1494":" ","1495":"5","1496":"5","1497":".","1498":"5","1499":"4","1500":"0","1501":"2","1502":" ","1503":"1","1504":"0","1505":".","1506":"0","1507":"4","1508":"9","1509":"1","1510":"C","1511":"6","1512":"0","1513":".","1514":"8","1515":"6","1516":"4","1517":"2","1518":" ","1519":"1","1520":"0","1521":".","1522":"7","1523":"7","1524":"6","1525":"6","1526":" ","1527":"6","1528":"5","1529":".","1530":"9","1531":"9","1532":"2","1533":"8","1534":" ","1535":"1","1536":"2","1537":".","1538":"5","1539":"4","1540":"5","1541":"7","1542":" ","1543":"7","1544":"0","1545":".","1546":"6","1547":"3","1548":"3","1549":"1","1550":" ","1551":"1","1552":"5","1553":".","1554":"2","1555":"5","1556":"5","1557":"2","1558":"C","1559":"7","1560":"5","1561":".","1562":"2","1563":"7","1564":"3","1565":"5","1566":" ","1567":"1","1568":"7","1569":".","1570":"9","1571":"6","1572":"4","1573":"8","1574":" ","1575":"7","1576":"9","1577":".","1578":"3","1579":"3","1580":"4","1581":"7","1582":" ","1583":"2","1584":"1","1585":".","1586":"5","1587":"6","1588":"1","1589":"9","1590":" ","1591":"8","1592":"2","1593":".","1594":"5","1595":"8","1596":"4","1597":"9","1598":" ","1599":"2","1600":"5","1601":".","1602":"8","1603":"4","1604":"1","1605":"C","1606":"8","1607":"4","1608":".","1609":"9","1610":"1","1611":"7","1612":"5","1613":" ","1614":"2","1615":"8","1616":".","1617":"9","1618":"1","1619":"2","1620":"1","1621":" ","1622":"8","1623":"6","1624":".","1625":"7","1626":"9","1627":"9","1628":"7","1629":" ","1630":"3","1631":"2","1632":".","1633":"2","1634":"9","1635":"1","1636":"3","1637":" ","1638":"8","1639":"8","1640":".","1641":"1","1642":"8","1643":"1","1644":"1","1645":" ","1646":"3","1647":"5","1648":".","1649":"8","1650":"7","1651":"5","1652":"8","1653":"C","1654":"8","1655":"9","1656":".","1657":"0","1658":"8","1659":"3","1660":" ","1661":"3","1662":"8","1663":".","1664":"2","1665":"1","1666":"5","1667":"8","1668":" ","1669":"9","1670":"1","1671":".","1672":"5","1673":"4","1674":"2","1675":"1","1676":" ","1677":"3","1678":"9","1679":".","1680":"6","1681":"7","1682":"8","1683":"1","1684":" ","1685":"9","1686":"3","1687":".","1688":"9","1689":"6","1690":"7","1691":"6","1692":" ","1693":"3","1694":"9","1695":".","1696":"0","1697":"4","1698":"0","1699":"9","1700":"Z","1701":"\\","1702":"\"","1703":"\\","1704":"n","1705":" ","1706":" ","1707":" ","1708":" ","1709":" ","1710":" ","1711":" ","1712":" ","1713":"f","1714":"i","1715":"l","1716":"l","1717":"=","1718":"\\","1719":"\"","1720":"c","1721":"u","1722":"r","1723":"r","1724":"e","1725":"n","1726":"t","1727":"F","1728":"i","1729":"l","1730":"l","1731":"\\","1732":"\"","1733":"\\","1734":"n","1735":" ","1736":" ","1737":" ","1738":" ","1739":" ","1740":" ","1741":"/","1742":">","1743":"\\","1744":"n","1745":" ","1746":" ","1747":" ","1748":" ","1749":"<","1750":"/","1751":"s","1752":"v","1753":"g","1754":">","1755":"\\","1756":"n","1757":" ","1758":" ","1759":"<","1760":"/","1761":"d","1762":"i","1763":"v","1764":">","1765":"\\","1766":"n","1767":"<","1768":"/","1769":"t","1770":"e","1771":"m","1772":"p","1773":"l","1774":"a","1775":"t","1776":"e","1777":">","1778":"\\","1779":"n","1780":"\\","1781":"n","1782":"<","1783":"s","1784":"c","1785":"r","1786":"i","1787":"p","1788":"t","1789":" ","1790":"l","1791":"a","1792":"n","1793":"g","1794":"=","1795":"\\","1796":"\"","1797":"t","1798":"s","1799":"\\","1800":"\"","1801":">","1802":"\\","1803":"n","1804":"i","1805":"m","1806":"p","1807":"o","1808":"r","1809":"t","1810":" ","1811":"{","1812":" ","1813":"d","1814":"e","1815":"f","1816":"i","1817":"n","1818":"e","1819":"C","1820":"o","1821":"m","1822":"p","1823":"o","1824":"n","1825":"e","1826":"n","1827":"t","1828":" ","1829":"}","1830":" ","1831":"f","1832":"r","1833":"o","1834":"m","1835":" ","1836":"\\","1837":"\"","1838":"v","1839":"u","1840":"e","1841":"\\","1842":"\"","1843":";","1844":"\\","1845":"n","1846":"\\","1847":"n","1848":"e","1849":"x","1850":"p","1851":"o","1852":"r","1853":"t","1854":" ","1855":"d","1856":"e","1857":"f","1858":"a","1859":"u","1860":"l","1861":"t","1862":" ","1863":"d","1864":"e","1865":"f","1866":"i","1867":"n","1868":"e","1869":"C","1870":"o","1871":"m","1872":"p","1873":"o","1874":"n","1875":"e","1876":"n","1877":"t","1878":"(","1879":"{","1880":"\\","1881":"n","1882":" ","1883":" ","1884":"s","1885":"e","1886":"t","1887":"u","1888":"p","1889":"(","1890":")","1891":" ","1892":"{","1893":"\\","1894":"n","1895":" ","1896":" ","1897":" ","1898":" ","1899":"r","1900":"e","1901":"t","1902":"u","1903":"r","1904":"n","1905":" ","1906":"{","1907":"}","1908":";","1909":"\\","1910":"n","1911":" ","1912":" ","1913":"}","1914":",","1915":"\\","1916":"n","1917":"}","1918":")","1919":";","1920":"\\","1921":"n","1922":"<","1923":"/","1924":"s","1925":"c","1926":"r","1927":"i","1928":"p","1929":"t","1930":">","1931":"\\","1932":"n","1933":"\\","1934":"n","1935":"<","1936":"s","1937":"t","1938":"y","1939":"l","1940":"e","1941":" ","1942":"s","1943":"c","1944":"o","1945":"p","1946":"e","1947":"d","1948":">","1949":"<","1950":"/","1951":"s","1952":"t","1953":"y","1954":"l","1955":"e","1956":">","1957":"\\","1958":"n","1959":"\"","1960":"]","1961":"}"},"_coverageSchema":"1a1c01bbd47fc00a2c39e90264f33305004495a9","hash":"45b0a2c259e5ceaab3166c25415baa1d6dd9b8bb"}
,"/home/apinto/Documents/workspaces/technical-test/technical-test_hl2022_vuejs-exercice/src/components/SearchForm.vue": {"path":"/home/apinto/Documents/workspaces/technical-test/technical-test_hl2022_vuejs-exercice/src/components/SearchForm.vue","statementMap":{"0":{"start":{"line":3,"column":0},"end":{"line":5,"column":3}},"1":{"start":{"line":6,"column":12},"end":{"line":6,"column":26}},"2":{"start":{"line":7,"column":0},"end":{"line":21,"column":3}},"3":{"start":{"line":12,"column":4},"end":{"line":14,"column":6}},"4":{"start":{"line":18,"column":6},"end":{"line":18,"column":39}},"5":{"start":{"line":22,"column":0},"end":{"line":22,"column":13}},"6":{"start":{"line":23,"column":0},"end":{"line":23,"column":62}},"7":{"start":{"line":24,"column":0},"end":{"line":24,"column":24}},"8":{"start":{"line":25,"column":12},"end":{"line":25,"column":26}},"9":{"start":{"line":26,"column":17},"end":{"line":26,"column":34}},"10":{"start":{"line":27,"column":17},"end":{"line":27,"column":32}},"11":{"start":{"line":28,"column":31},"end":{"line":31,"column":32}},"12":{"start":{"line":33,"column":4},"end":{"line":57,"column":33}},"13":{"start":{"line":37,"column":23},"end":{"line":37,"column":25}},"14":{"start":{"line":38,"column":12},"end":{"line":40,"column":13}},"15":{"start":{"line":38,"column":26},"end":{"line":38,"column":27}},"16":{"start":{"line":39,"column":16},"end":{"line":39,"column":41}},"17":{"start":{"line":41,"column":12},"end":{"line":41,"column":80}},"18":{"start":{"line":48,"column":85},"end":{"line":48,"column":116}},"19":{"start":{"line":59,"column":0},"end":{"line":59,"column":24}},"20":{"start":{"line":60,"column":1},"end":{"line":60,"column":48}}},"fnMap":{"0":{"name":"(anonymous_0)","decl":{"start":{"line":11,"column":8},"end":{"line":11,"column":9}},"loc":{"start":{"line":11,"column":20},"end":{"line":15,"column":3}},"line":11},"1":{"name":"(anonymous_1)","decl":{"start":{"line":17,"column":19},"end":{"line":17,"column":20}},"loc":{"start":{"line":17,"column":31},"end":{"line":19,"column":5}},"line":17},"2":{"name":"render","decl":{"start":{"line":32,"column":9},"end":{"line":32,"column":15}},"loc":{"start":{"line":32,"column":30},"end":{"line":58,"column":1}},"line":32},"3":{"name":"(anonymous_3)","decl":{"start":{"line":36,"column":8},"end":{"line":36,"column":9}},"loc":{"start":{"line":36,"column":20},"end":{"line":42,"column":9}},"line":36},"4":{"name":"(anonymous_4)","decl":{"start":{"line":48,"column":65},"end":{"line":48,"column":66}},"loc":{"start":{"line":48,"column":83},"end":{"line":48,"column":118}},"line":48}},"branchMap":{"0":{"loc":{"start":{"line":34,"column":18},"end":{"line":42,"column":24}},"type":"binary-expr","locations":[{"start":{"line":34,"column":18},"end":{"line":34,"column":27}},{"start":{"line":34,"column":32},"end":{"line":42,"column":23}}],"line":34},"1":{"loc":{"start":{"line":41,"column":20},"end":{"line":41,"column":78}},"type":"binary-expr","locations":[{"start":{"line":41,"column":20},"end":{"line":41,"column":38}},{"start":{"line":41,"column":42},"end":{"line":41,"column":78}}],"line":41},"2":{"loc":{"start":{"line":48,"column":39},"end":{"line":48,"column":119}},"type":"binary-expr","locations":[{"start":{"line":48,"column":39},"end":{"line":48,"column":48}},{"start":{"line":48,"column":53},"end":{"line":48,"column":118}}],"line":48}},"s":{"0":1,"1":1,"2":1,"3":0,"4":0,"5":1,"6":1,"7":1,"8":1,"9":1,"10":1,"11":1,"12":0,"13":0,"14":0,"15":0,"16":0,"17":0,"18":0,"19":1,"20":1},"f":{"0":0,"1":0,"2":0,"3":0,"4":0},"b":{"0":[0,0],"1":[0,0],"2":[0,0]},"inputSourceMap":{"0":"{","1":"\"","2":"v","3":"e","4":"r","5":"s","6":"i","7":"o","8":"n","9":"\"","10":":","11":"3","12":",","13":"\"","14":"s","15":"o","16":"u","17":"r","18":"c","19":"e","20":"s","21":"\"","22":":","23":"[","24":"\"","25":"/","26":"h","27":"o","28":"m","29":"e","30":"/","31":"a","32":"p","33":"i","34":"n","35":"t","36":"o","37":"/","38":"D","39":"o","40":"c","41":"u","42":"m","43":"e","44":"n","45":"t","46":"s","47":"/","48":"w","49":"o","50":"r","51":"k","52":"s","53":"p","54":"a","55":"c","56":"e","57":"s","58":"/","59":"t","60":"e","61":"c","62":"h","63":"n","64":"i","65":"c","66":"a","67":"l","68":"-","69":"t","70":"e","71":"s","72":"t","73":"/","74":"t","75":"e","76":"c","77":"h","78":"n","79":"i","80":"c","81":"a","82":"l","83":"-","84":"t","85":"e","86":"s","87":"t","88":"_","89":"h","90":"l","91":"2","92":"0","93":"2","94":"2","95":"_","96":"v","97":"u","98":"e","99":"j","100":"s","101":"-","102":"e","103":"x","104":"e","105":"r","106":"c","107":"i","108":"c","109":"e","110":"/","111":"s","112":"r","113":"c","114":"/","115":"c","116":"o","117":"m","118":"p","119":"o","120":"n","121":"e","122":"n","123":"t","124":"s","125":"/","126":"S","127":"e","128":"a","129":"r","130":"c","131":"h","132":"F","133":"o","134":"r","135":"m","136":".","137":"v","138":"u","139":"e","140":"\"","141":"]","142":",","143":"\"","144":"n","145":"a","146":"m","147":"e","148":"s","149":"\"","150":":","151":"[","152":"]","153":",","154":"\"","155":"m","156":"a","157":"p","158":"p","159":"i","160":"n","161":"g","162":"s","163":"\"","164":":","165":"\"","166":";","167":";","168":";","169":";","170":";","171":"A","172":"A","173":"u","174":"B","175":"A","176":";","177":"A","178":"A","179":"E","180":"A","181":",","182":"k","183":"B","184":"A","185":"A","186":"e","187":",","188":"y","189":"B","190":"A","191":"A","192":"e","193":",","194":"E","195":"A","196":"A","197":"C","198":";","199":"E","200":"A","201":"C","202":"7","203":"B","204":",","205":"K","206":"A","207":"A","208":"K","209":",","210":"E","211":"A","212":"A","213":"E","214":";","215":"I","216":"A","217":"C","218":"L","219":",","220":"W","221":"A","222":"A","223":"W","224":",","225":"E","226":"A","227":"A","228":"E","229":";","230":"G","231":"A","232":"C","233":"d","234":";","235":"E","236":"A","237":"C","238":"D","239":",","240":"I","241":"A","242":"A","243":"I","244":";","245":"I","246":"A","247":"C","248":"F","249":",","250":"O","251":"A","252":"A","253":"O","254":";","255":"M","256":"A","257":"A","258":"E","259":",","260":"K","261":"A","262":"A","263":"K","264":",","265":"E","266":"A","267":"A","268":"E","269":";","270":"I","271":"A","272":"A","273":"E","274":",","275":"C","276":"A","277":"A","278":"E","279":";","280":"E","281":"A","282":"C","283":"t","284":"B","285":",","286":"C","287":"A","288":"A","289":"C","290":";","291":"E","292":"A","293":"C","294":"D","295":",","296":"O","297":"A","298":"A","299":"O","300":",","301":"E","302":"A","303":"A","304":"E","305":";","306":"I","307":"A","308":"C","309":"P","310":",","311":"a","312":"A","313":"A","314":"a","315":";","316":"M","317":"A","318":"C","319":"X","320":",","321":"I","322":"A","323":"A","324":"I","325":",","326":"C","327":"A","328":"A","329":"C","330":",","331":"K","332":"A","333":"A","334":"K","335":",","336":"C","337":"A","338":"A","339":"C","340":",","341":"Q","342":"A","343":"A","344":"Q","345":",","346":"E","347":"A","348":"A","349":"E","350":",","351":"I","352":"A","353":"A","354":"I","355":",","356":"C","357":"A","358":"A","359":"C","360":",","361":"K","362":"A","363":"A","364":"K","365":",","366":"C","367":"A","368":"A","369":"C","370":";","371":"I","372":"A","373":"C","374":"l","375":"C","376":";","377":";","378":"C","379":"A","380":"E","381":"H","382":",","383":"C","384":"A","385":"A","386":"C","387":"\"","388":",","389":"\"","390":"f","391":"i","392":"l","393":"e","394":"\"","395":":","396":"\"","397":"/","398":"h","399":"o","400":"m","401":"e","402":"/","403":"a","404":"p","405":"i","406":"n","407":"t","408":"o","409":"/","410":"D","411":"o","412":"c","413":"u","414":"m","415":"e","416":"n","417":"t","418":"s","419":"/","420":"w","421":"o","422":"r","423":"k","424":"s","425":"p","426":"a","427":"c","428":"e","429":"s","430":"/","431":"t","432":"e","433":"c","434":"h","435":"n","436":"i","437":"c","438":"a","439":"l","440":"-","441":"t","442":"e","443":"s","444":"t","445":"/","446":"t","447":"e","448":"c","449":"h","450":"n","451":"i","452":"c","453":"a","454":"l","455":"-","456":"t","457":"e","458":"s","459":"t","460":"_","461":"h","462":"l","463":"2","464":"0","465":"2","466":"2","467":"_","468":"v","469":"u","470":"e","471":"j","472":"s","473":"-","474":"e","475":"x","476":"e","477":"r","478":"c","479":"i","480":"c","481":"e","482":"/","483":"s","484":"r","485":"c","486":"/","487":"c","488":"o","489":"m","490":"p","491":"o","492":"n","493":"e","494":"n","495":"t","496":"s","497":"/","498":"S","499":"e","500":"a","501":"r","502":"c","503":"h","504":"F","505":"o","506":"r","507":"m","508":".","509":"v","510":"u","511":"e","512":"\"","513":",","514":"\"","515":"s","516":"o","517":"u","518":"r","519":"c","520":"e","521":"s","522":"C","523":"o","524":"n","525":"t","526":"e","527":"n","528":"t","529":"\"","530":":","531":"[","532":"\"","533":"<","534":"t","535":"e","536":"m","537":"p","538":"l","539":"a","540":"t","541":"e","542":">","543":"\\","544":"n","545":" ","546":" ","547":"<","548":"f","549":"o","550":"r","551":"m","552":" ","553":"@","554":"s","555":"u","556":"b","557":"m","558":"i","559":"t","560":".","561":"p","562":"r","563":"e","564":"v","565":"e","566":"n","567":"t","568":"=","569":"\\","570":"\"","571":"s","572":"e","573":"a","574":"r","575":"c","576":"h","577":"H","578":"a","579":"n","580":"d","581":"l","582":"e","583":"r","584":"\\","585":"\"","586":">","587":"\\","588":"n","589":" ","590":" ","591":" ","592":" ","593":"<","594":"d","595":"i","596":"v","597":" ","598":"c","599":"l","600":"a","601":"s","602":"s","603":"=","604":"\\","605":"\"","606":"f","607":"l","608":"e","609":"x","610":"\\","611":"\"","612":">","613":"\\","614":"n","615":" ","616":" ","617":" ","618":" ","619":" ","620":" ","621":"<","622":"i","623":"n","624":"p","625":"u","626":"t","627":"\\","628":"n","629":" ","630":" ","631":" ","632":" ","633":" ","634":" ","635":" ","636":" ","637":"t","638":"y","639":"p","640":"e","641":"=","642":"\\","643":"\"","644":"t","645":"e","646":"x","647":"t","648":"\\","649":"\"","650":"\\","651":"n","652":" ","653":" ","654":" ","655":" ","656":" ","657":" ","658":" ","659":" ","660":"i","661":"d","662":"=","663":"\\","664":"\"","665":"s","666":"e","667":"a","668":"r","669":"c","670":"h","671":"_","672":"v","673":"a","674":"l","675":"u","676":"e","677":"\\","678":"\"","679":"\\","680":"n","681":" ","682":" ","683":" ","684":" ","685":" ","686":" ","687":" ","688":" ","689":"v","690":"-","691":"m","692":"o","693":"d","694":"e","695":"l","696":"=","697":"\\","698":"\"","699":"v","700":"a","701":"l","702":"u","703":"e","704":"\\","705":"\"","706":"\\","707":"n","708":" ","709":" ","710":" ","711":" ","712":" ","713":" ","714":" ","715":" ","716":"c","717":"l","718":"a","719":"s","720":"s","721":"=","722":"\\","723":"\"","724":"b","725":"g","726":"-","727":"g","728":"r","729":"a","730":"y","731":"-","732":"5","733":"0","734":" ","735":"b","736":"o","737":"r","738":"d","739":"e","740":"r","741":" ","742":"m","743":"r","744":"-","745":"4","746":" ","747":"b","748":"o","749":"r","750":"d","751":"e","752":"r","753":"-","754":"g","755":"r","756":"a","757":"y","758":"-","759":"3","760":"0","761":"0","762":" ","763":"t","764":"e","765":"x","766":"t","767":"-","768":"g","769":"r","770":"a","771":"y","772":"-","773":"9","774":"0","775":"0","776":" ","777":"t","778":"e","779":"x","780":"t","781":"-","782":"s","783":"m","784":" ","785":"r","786":"o","787":"u","788":"n","789":"d","790":"e","791":"d","792":"-","793":"l","794":"g","795":" ","796":"f","797":"o","798":"c","799":"u","800":"s","801":":","802":"r","803":"i","804":"n","805":"g","806":"-","807":"b","808":"l","809":"u","810":"e","811":"-","812":"5","813":"0","814":"0","815":" ","816":"f","817":"o","818":"c","819":"u","820":"s","821":":","822":"b","823":"o","824":"r","825":"d","826":"e","827":"r","828":"-","829":"b","830":"l","831":"u","832":"e","833":"-","834":"5","835":"0","836":"0","837":" ","838":"b","839":"l","840":"o","841":"c","842":"k","843":" ","844":"w","845":"-","846":"f","847":"u","848":"l","849":"l","850":" ","851":"p","852":"-","853":"2","854":".","855":"5","856":" ","857":"d","858":"a","859":"r","860":"k","861":":","862":"b","863":"g","864":"-","865":"g","866":"r","867":"a","868":"y","869":"-","870":"7","871":"0","872":"0","873":" ","874":"d","875":"a","876":"r","877":"k","878":":","879":"b","880":"o","881":"r","882":"d","883":"e","884":"r","885":"-","886":"g","887":"r","888":"a","889":"y","890":"-","891":"6","892":"0","893":"0","894":" ","895":"d","896":"a","897":"r","898":"k","899":":","900":"p","901":"l","902":"a","903":"c","904":"e","905":"h","906":"o","907":"l","908":"d","909":"e","910":"r","911":"-","912":"g","913":"r","914":"a","915":"y","916":"-","917":"4","918":"0","919":"0","920":" ","921":"d","922":"a","923":"r","924":"k","925":":","926":"t","927":"e","928":"x","929":"t","930":"-","931":"w","932":"h","933":"i","934":"t","935":"e","936":" ","937":"d","938":"a","939":"r","940":"k","941":":","942":"f","943":"o","944":"c","945":"u","946":"s","947":":","948":"r","949":"i","950":"n","951":"g","952":"-","953":"b","954":"l","955":"u","956":"e","957":"-","958":"5","959":"0","960":"0","961":" ","962":"d","963":"a","964":"r","965":"k","966":":","967":"f","968":"o","969":"c","970":"u","971":"s","972":":","973":"b","974":"o","975":"r","976":"d","977":"e","978":"r","979":"-","980":"b","981":"l","982":"u","983":"e","984":"-","985":"5","986":"0","987":"0","988":"\\","989":"\"","990":"\\","991":"n","992":" ","993":" ","994":" ","995":" ","996":" ","997":" ","998":" ","999":" ","1000":":","1001":"p","1002":"l","1003":"a","1004":"c","1005":"e","1006":"h","1007":"o","1008":"l","1009":"d","1010":"e","1011":"r","1012":"=","1013":"\\","1014":"\"","1015":"p","1016":"l","1017":"a","1018":"c","1019":"e","1020":"h","1021":"o","1022":"l","1023":"d","1024":"e","1025":"r","1026":"\\","1027":"\"","1028":"\\","1029":"n","1030":" ","1031":" ","1032":" ","1033":" ","1034":" ","1035":" ","1036":" ","1037":" ","1038":"r","1039":"e","1040":"q","1041":"u","1042":"i","1043":"r","1044":"e","1045":"d","1046":"\\","1047":"n","1048":" ","1049":" ","1050":" ","1051":" ","1052":" ","1053":" ","1054":"/","1055":">","1056":"\\","1057":"n","1058":"\\","1059":"n","1060":" ","1061":" ","1062":" ","1063":" ","1064":" ","1065":" ","1066":"<","1067":"b","1068":"u","1069":"t","1070":"t","1071":"o","1072":"n","1073":"\\","1074":"n","1075":" ","1076":" ","1077":" ","1078":" ","1079":" ","1080":" ","1081":" ","1082":" ","1083":"c","1084":"l","1085":"a","1086":"s","1087":"s","1088":"=","1089":"\\","1090":"\"","1091":"b","1092":"g","1093":"-","1094":"b","1095":"l","1096":"u","1097":"e","1098":"-","1099":"5","1100":"0","1101":"0","1102":" ","1103":"h","1104":"o","1105":"v","1106":"e","1107":"r","1108":":","1109":"b","1110":"g","1111":"-","1112":"b","1113":"l","1114":"u","1115":"e","1116":"-","1117":"7","1118":"0","1119":"0","1120":" ","1121":"t","1122":"e","1123":"x","1124":"t","1125":"-","1126":"w","1127":"h","1128":"i","1129":"t","1130":"e","1131":" ","1132":"f","1133":"o","1134":"n","1135":"t","1136":"-","1137":"b","1138":"o","1139":"l","1140":"d","1141":" ","1142":"p","1143":"y","1144":"-","1145":"2","1146":" ","1147":"p","1148":"x","1149":"-","1150":"4","1151":" ","1152":"r","1153":"o","1154":"u","1155":"n","1156":"d","1157":"e","1158":"d","1159":"-","1160":"f","1161":"u","1162":"l","1163":"l","1164":"\\","1165":"\"","1166":"\\","1167":"n","1168":" ","1169":" ","1170":" ","1171":" ","1172":" ","1173":" ","1174":" ","1175":" ","1176":"t","1177":"y","1178":"p","1179":"e","1180":"=","1181":"\\","1182":"\"","1183":"s","1184":"u","1185":"b","1186":"m","1187":"i","1188":"t","1189":"\\","1190":"\"","1191":"\\","1192":"n","1193":" ","1194":" ","1195":" ","1196":" ","1197":" ","1198":" ","1199":">","1200":"\\","1201":"n","1202":" ","1203":" ","1204":" ","1205":" ","1206":" ","1207":" ","1208":" ","1209":" ","1210":"S","1211":"e","1212":"a","1213":"r","1214":"c","1215":"h","1216":"\\","1217":"n","1218":" ","1219":" ","1220":" ","1221":" ","1222":" ","1223":" ","1224":"<","1225":"/","1226":"b","1227":"u","1228":"t","1229":"t","1230":"o","1231":"n","1232":">","1233":"\\","1234":"n","1235":" ","1236":" ","1237":" ","1238":" ","1239":"<","1240":"/","1241":"d","1242":"i","1243":"v","1244":">","1245":"\\","1246":"n","1247":" ","1248":" ","1249":"<","1250":"/","1251":"f","1252":"o","1253":"r","1254":"m","1255":">","1256":"\\","1257":"n","1258":"<","1259":"/","1260":"t","1261":"e","1262":"m","1263":"p","1264":"l","1265":"a","1266":"t","1267":"e","1268":">","1269":"\\","1270":"n","1271":"\\","1272":"n","1273":"<","1274":"s","1275":"c","1276":"r","1277":"i","1278":"p","1279":"t","1280":" ","1281":"l","1282":"a","1283":"n","1284":"g","1285":"=","1286":"\\","1287":"\"","1288":"t","1289":"s","1290":"\\","1291":"\"","1292":">","1293":"\\","1294":"n","1295":"i","1296":"m","1297":"p","1298":"o","1299":"r","1300":"t","1301":" ","1302":"{","1303":" ","1304":"d","1305":"e","1306":"f","1307":"i","1308":"n","1309":"e","1310":"C","1311":"o","1312":"m","1313":"p","1314":"o","1315":"n","1316":"e","1317":"n","1318":"t","1319":" ","1320":"}","1321":" ","1322":"f","1323":"r","1324":"o","1325":"m","1326":" ","1327":"\\","1328":"\"","1329":"v","1330":"u","1331":"e","1332":"\\","1333":"\"","1334":";","1335":"\\","1336":"n","1337":"\\","1338":"n","1339":"e","1340":"x","1341":"p","1342":"o","1343":"r","1344":"t","1345":" ","1346":"d","1347":"e","1348":"f","1349":"a","1350":"u","1351":"l","1352":"t","1353":" ","1354":"d","1355":"e","1356":"f","1357":"i","1358":"n","1359":"e","1360":"C","1361":"o","1362":"m","1363":"p","1364":"o","1365":"n","1366":"e","1367":"n","1368":"t","1369":"(","1370":"{","1371":"\\","1372":"n","1373":" ","1374":" ","1375":"p","1376":"r","1377":"o","1378":"p","1379":"s","1380":":","1381":" ","1382":"{","1383":"\\","1384":"n","1385":" ","1386":" ","1387":" ","1388":" ","1389":"p","1390":"l","1391":"a","1392":"c","1393":"e","1394":"h","1395":"o","1396":"l","1397":"d","1398":"e","1399":"r","1400":":","1401":" ","1402":"S","1403":"t","1404":"r","1405":"i","1406":"n","1407":"g","1408":",","1409":"\\","1410":"n","1411":" ","1412":" ","1413":"}","1414":",","1415":"\\","1416":"n","1417":" ","1418":" ","1419":"d","1420":"a","1421":"t","1422":"a","1423":"(","1424":")","1425":" ","1426":"{","1427":"\\","1428":"n","1429":" ","1430":" ","1431":" ","1432":" ","1433":"r","1434":"e","1435":"t","1436":"u","1437":"r","1438":"n","1439":" ","1440":"{","1441":" ","1442":"v","1443":"a","1444":"l","1445":"u","1446":"e","1447":":","1448":" ","1449":"\\","1450":"\"","1451":"\\","1452":"\"","1453":" ","1454":"}","1455":";","1456":"\\","1457":"n","1458":" ","1459":" ","1460":"}","1461":",","1462":"\\","1463":"n","1464":" ","1465":" ","1466":"m","1467":"e","1468":"t","1469":"h","1470":"o","1471":"d","1472":"s","1473":":","1474":" ","1475":"{","1476":"\\","1477":"n","1478":" ","1479":" ","1480":" ","1481":" ","1482":"s","1483":"e","1484":"a","1485":"r","1486":"c","1487":"h","1488":"H","1489":"a","1490":"n","1491":"d","1492":"l","1493":"e","1494":"r","1495":"(","1496":")","1497":" ","1498":"{","1499":"\\","1500":"n","1501":" ","1502":" ","1503":" ","1504":" ","1505":" ","1506":" ","1507":"t","1508":"h","1509":"i","1510":"s","1511":".","1512":"$","1513":"e","1514":"m","1515":"i","1516":"t","1517":"(","1518":"\\","1519":"\"","1520":"s","1521":"e","1522":"a","1523":"r","1524":"c","1525":"h","1526":"\\","1527":"\"","1528":",","1529":" ","1530":"t","1531":"h","1532":"i","1533":"s","1534":".","1535":"v","1536":"a","1537":"l","1538":"u","1539":"e","1540":")","1541":";","1542":"\\","1543":"n","1544":" ","1545":" ","1546":" ","1547":" ","1548":"}","1549":",","1550":"\\","1551":"n","1552":" ","1553":" ","1554":"}","1555":",","1556":"\\","1557":"n","1558":"}","1559":")","1560":";","1561":"\\","1562":"n","1563":"<","1564":"/","1565":"s","1566":"c","1567":"r","1568":"i","1569":"p","1570":"t","1571":">","1572":"\\","1573":"n","1574":"\\","1575":"n","1576":"<","1577":"s","1578":"t","1579":"y","1580":"l","1581":"e","1582":" ","1583":"s","1584":"c","1585":"o","1586":"p","1587":"e","1588":"d","1589":">","1590":"<","1591":"/","1592":"s","1593":"t","1594":"y","1595":"l","1596":"e","1597":">","1598":"\\","1599":"n","1600":"\"","1601":"]","1602":"}"},"_coverageSchema":"1a1c01bbd47fc00a2c39e90264f33305004495a9","hash":"b16c75d9b774d941d605ace99e5e0216e0e5d35a"}
,"/home/apinto/Documents/workspaces/technical-test/technical-test_hl2022_vuejs-exercice/src/router/index.ts": {"path":"/home/apinto/Documents/workspaces/technical-test/technical-test_hl2022_vuejs-exercice/src/router/index.ts","statementMap":{"0":{"start":{"line":1,"column":0},"end":{"line":1,"column":null}},"1":{"start":{"line":2,"column":0},"end":{"line":2,"column":null}},"2":{"start":{"line":4,"column":38},"end":{"line":9,"column":null}},"3":{"start":{"line":12,"column":15},"end":{"line":15,"column":2}},"4":{"start":{"line":17,"column":0},"end":{"line":17,"column":null}}},"fnMap":{},"branchMap":{},"s":{"0":0,"1":0,"2":0,"3":0,"4":0},"f":{},"b":{}}
,"/home/apinto/Documents/workspaces/technical-test/technical-test_hl2022_vuejs-exercice/src/store/index.ts": {"path":"/home/apinto/Documents/workspaces/technical-test/technical-test_hl2022_vuejs-exercice/src/store/index.ts","statementMap":{"0":{"start":{"line":1,"column":0},"end":{"line":1,"column":null}},"1":{"start":{"line":3,"column":0},"end":{"line":9,"column":null}}},"fnMap":{},"branchMap":{},"s":{"0":0,"1":0},"f":{},"b":{}}
,"/home/apinto/Documents/workspaces/technical-test/technical-test_hl2022_vuejs-exercice/src/views/SolarProductView.vue": {"path":"/home/apinto/Documents/workspaces/technical-test/technical-test_hl2022_vuejs-exercice/src/views/SolarProductView.vue","statementMap":{"0":{"start":{"line":5,"column":16},"end":{"line":31,"column":1}},"1":{"start":{"line":7,"column":4},"end":{"line":9,"column":7}},"2":{"start":{"line":8,"column":6},"end":{"line":8,"column":21}},"3":{"start":{"line":11,"column":2},"end":{"line":30,"column":5}},"4":{"start":{"line":13,"column":6},"end":{"line":17,"column":7}},"5":{"start":{"line":14,"column":8},"end":{"line":14,"column":36}},"6":{"start":{"line":16,"column":8},"end":{"line":16,"column":18}},"7":{"start":{"line":20,"column":6},"end":{"line":24,"column":7}},"8":{"start":{"line":21,"column":8},"end":{"line":21,"column":40}},"9":{"start":{"line":23,"column":8},"end":{"line":23,"column":18}},"10":{"start":{"line":27,"column":6},"end":{"line":27,"column":90}},"11":{"start":{"line":29,"column":4},"end":{"line":29,"column":74}},"12":{"start":{"line":32,"column":18},"end":{"line":119,"column":1}},"13":{"start":{"line":33,"column":10},"end":{"line":41,"column":5}},"14":{"start":{"line":36,"column":8},"end":{"line":36,"column":33}},"15":{"start":{"line":36,"column":22},"end":{"line":36,"column":33}},"16":{"start":{"line":37,"column":8},"end":{"line":37,"column":20}},"17":{"start":{"line":46,"column":2},"end":{"line":52,"column":8}},"18":{"start":{"line":51,"column":4},"end":{"line":51,"column":16}},"19":{"start":{"line":54,"column":4},"end":{"line":56,"column":6}},"20":{"start":{"line":55,"column":6},"end":{"line":55,"column":26}},"21":{"start":{"line":59,"column":4},"end":{"line":59,"column":66}},"22":{"start":{"line":59,"column":11},"end":{"line":59,"column":66}},"23":{"start":{"line":60,"column":4},"end":{"line":112,"column":5}},"24":{"start":{"line":60,"column":14},"end":{"line":112,"column":5}},"25":{"start":{"line":61,"column":6},"end":{"line":61,"column":163}},"26":{"start":{"line":61,"column":154},"end":{"line":61,"column":163}},"27":{"start":{"line":62,"column":6},"end":{"line":62,"column":46}},"28":{"start":{"line":62,"column":20},"end":{"line":62,"column":46}},"29":{"start":{"line":63,"column":6},"end":{"line":105,"column":7}},"30":{"start":{"line":66,"column":10},"end":{"line":66,"column":17}},"31":{"start":{"line":67,"column":10},"end":{"line":67,"column":16}},"32":{"start":{"line":69,"column":10},"end":{"line":69,"column":20}},"33":{"start":{"line":70,"column":10},"end":{"line":73,"column":12}},"34":{"start":{"line":75,"column":10},"end":{"line":75,"column":20}},"35":{"start":{"line":76,"column":10},"end":{"line":76,"column":20}},"36":{"start":{"line":77,"column":10},"end":{"line":77,"column":19}},"37":{"start":{"line":78,"column":10},"end":{"line":78,"column":19}},"38":{"start":{"line":80,"column":10},"end":{"line":80,"column":27}},"39":{"start":{"line":81,"column":10},"end":{"line":81,"column":23}},"40":{"start":{"line":82,"column":10},"end":{"line":82,"column":19}},"41":{"start":{"line":84,"column":10},"end":{"line":87,"column":11}},"42":{"start":{"line":85,"column":12},"end":{"line":85,"column":18}},"43":{"start":{"line":86,"column":12},"end":{"line":86,"column":21}},"44":{"start":{"line":88,"column":10},"end":{"line":91,"column":11}},"45":{"start":{"line":89,"column":12},"end":{"line":89,"column":28}},"46":{"start":{"line":90,"column":12},"end":{"line":90,"column":18}},"47":{"start":{"line":92,"column":10},"end":{"line":96,"column":11}},"48":{"start":{"line":93,"column":12},"end":{"line":93,"column":27}},"49":{"start":{"line":94,"column":12},"end":{"line":94,"column":19}},"50":{"start":{"line":95,"column":12},"end":{"line":95,"column":18}},"51":{"start":{"line":97,"column":10},"end":{"line":101,"column":11}},"52":{"start":{"line":98,"column":12},"end":{"line":98,"column":27}},"53":{"start":{"line":99,"column":12},"end":{"line":99,"column":27}},"54":{"start":{"line":100,"column":12},"end":{"line":100,"column":18}},"55":{"start":{"line":102,"column":10},"end":{"line":102,"column":32}},"56":{"start":{"line":102,"column":20},"end":{"line":102,"column":32}},"57":{"start":{"line":103,"column":10},"end":{"line":103,"column":23}},"58":{"start":{"line":104,"column":10},"end":{"line":104,"column":19}},"59":{"start":{"line":106,"column":6},"end":{"line":106,"column":33}},"60":{"start":{"line":108,"column":6},"end":{"line":108,"column":18}},"61":{"start":{"line":109,"column":6},"end":{"line":109,"column":12}},"62":{"start":{"line":111,"column":6},"end":{"line":111,"column":16}},"63":{"start":{"line":113,"column":4},"end":{"line":113,"column":31}},"64":{"start":{"line":113,"column":19},"end":{"line":113,"column":31}},"65":{"start":{"line":114,"column":4},"end":{"line":117,"column":6}},"66":{"start":{"line":120,"column":22},"end":{"line":124,"column":1}},"67":{"start":{"line":121,"column":2},"end":{"line":123,"column":4}},"68":{"start":{"line":125,"column":0},"end":{"line":127,"column":3}},"69":{"start":{"line":128,"column":12},"end":{"line":128,"column":26}},"70":{"start":{"line":129,"column":38},"end":{"line":129,"column":114}},"71":{"start":{"line":130,"column":23},"end":{"line":130,"column":78}},"72":{"start":{"line":131,"column":41},"end":{"line":131,"column":134}},"73":{"start":{"line":132,"column":23},"end":{"line":132,"column":78}},"74":{"start":{"line":133,"column":21},"end":{"line":133,"column":74}},"75":{"start":{"line":134,"column":0},"end":{"line":184,"column":3}},"76":{"start":{"line":142,"column":4},"end":{"line":144,"column":6}},"77":{"start":{"line":147,"column":4},"end":{"line":151,"column":6}},"78":{"start":{"line":155,"column":6},"end":{"line":181,"column":9}},"79":{"start":{"line":157,"column":8},"end":{"line":180,"column":11}},"80":{"start":{"line":158,"column":10},"end":{"line":179,"column":11}},"81":{"start":{"line":160,"column":14},"end":{"line":160,"column":33}},"82":{"start":{"line":161,"column":14},"end":{"line":161,"column":36}},"83":{"start":{"line":162,"column":14},"end":{"line":162,"column":35}},"84":{"start":{"line":163,"column":14},"end":{"line":163,"column":32}},"85":{"start":{"line":164,"column":14},"end":{"line":164,"column":27}},"86":{"start":{"line":166,"column":14},"end":{"line":166,"column":39}},"87":{"start":{"line":167,"column":14},"end":{"line":167,"column":24}},"88":{"start":{"line":168,"column":14},"end":{"line":168,"column":109}},"89":{"start":{"line":170,"column":14},"end":{"line":170,"column":38}},"90":{"start":{"line":171,"column":14},"end":{"line":171,"column":38}},"91":{"start":{"line":173,"column":14},"end":{"line":173,"column":34}},"92":{"start":{"line":174,"column":14},"end":{"line":174,"column":43}},"93":{"start":{"line":175,"column":14},"end":{"line":175,"column":38}},"94":{"start":{"line":177,"column":14},"end":{"line":177,"column":37}},"95":{"start":{"line":178,"column":14},"end":{"line":178,"column":36}},"96":{"start":{"line":185,"column":0},"end":{"line":185,"column":13}},"97":{"start":{"line":186,"column":0},"end":{"line":186,"column":62}},"98":{"start":{"line":187,"column":0},"end":{"line":187,"column":24}},"99":{"start":{"line":188,"column":12},"end":{"line":188,"column":26}},"100":{"start":{"line":189,"column":17},"end":{"line":189,"column":43}},"101":{"start":{"line":190,"column":17},"end":{"line":190,"column":49}},"102":{"start":{"line":191,"column":17},"end":{"line":191,"column":49}},"103":{"start":{"line":192,"column":17},"end":{"line":195,"column":1}},"104":{"start":{"line":196,"column":17},"end":{"line":199,"column":1}},"105":{"start":{"line":201,"column":32},"end":{"line":201,"column":73}},"106":{"start":{"line":202,"column":32},"end":{"line":202,"column":73}},"107":{"start":{"line":203,"column":47},"end":{"line":203,"column":103}},"108":{"start":{"line":204,"column":30},"end":{"line":204,"column":69}},"109":{"start":{"line":205,"column":4},"end":{"line":232,"column":8}},"110":{"start":{"line":224,"column":66},"end":{"line":226,"column":26}},"111":{"start":{"line":234,"column":0},"end":{"line":234,"column":24}},"112":{"start":{"line":235,"column":1},"end":{"line":235,"column":48}}},"fnMap":{"0":{"name":"(anonymous_0)","decl":{"start":{"line":5,"column":42},"end":{"line":5,"column":43}},"loc":{"start":{"line":5,"column":87},"end":{"line":31,"column":1}},"line":5},"1":{"name":"adopt","decl":{"start":{"line":6,"column":11},"end":{"line":6,"column":16}},"loc":{"start":{"l
[...]
,"/home/apinto/Documents/workspaces/technical-test/technical-test_hl2022_vuejs-exercice/src/views/components/SupplyPointSection.vue": {"path":"/home/apinto/Documents/workspaces/technical-test/technical-test_hl2022_vuejs-exercice/src/views/components/SupplyPointSection.vue","statementMap":{"0":{"start":{"line":3,"column":0},"end":{"line":5,"column":3}},"1":{"start":{"line":6,"column":12},"end":{"line":6,"column":26}},"2":{"start":{"line":7,"column":0},"end":{"line":14,"column":3}},"3":{"start":{"line":15,"column":0},"end":{"line":15,"column":13}},"4":{"start":{"line":16,"column":0},"end":{"line":16,"column":62}},"5":{"start":{"line":17,"column":0},"end":{"line":17,"column":24}},"6":{"start":{"line":18,"column":12},"end":{"line":18,"column":26}},"7":{"start":{"line":19,"column":17},"end":{"line":19,"column":36}},"8":{"start":{"line":20,"column":31},"end":{"line":20,"column":123}},"9":{"start":{"line":21,"column":31},"end":{"line":21,"column":125}},"10":{"start":{"line":22,"column":31},"end":{"line":22,"column":134}},"11":{"start":{"line":23,"column":31},"end":{"line":23,"column":124}},"12":{"start":{"line":24,"column":31},"end":{"line":24,"column":128}},"13":{"start":{"line":26,"column":4},"end":{"line":47,"column":8}},"14":{"start":{"line":49,"column":0},"end":{"line":49,"column":24}},"15":{"start":{"line":50,"column":1},"end":{"line":50,"column":48}}},"fnMap":{"0":{"name":"render","decl":{"start":{"line":25,"column":9},"end":{"line":25,"column":15}},"loc":{"start":{"line":25,"column":30},"end":{"line":48,"column":1}},"line":25}},"branchMap":{},"s":{"0":1,"1":1,"2":1,"3":1,"4":1,"5":1,"6":1,"7":1,"8":1,"9":1,"10":1,"11":1,"12":1,"13":0,"14":1,"15":1},"f":{"0":0},"b":{},"inputSourceMap":{"0":"{","1":"\"","2":"v","3":"e","4":"r","5":"s","6":"i","7":"o","8":"n","9":"\"","10":":","11":"3","12":",","13":"\"","14":"s","15":"o","16":"u","17":"r","18":"c","19":"e","20":"s","21":"\"","22":":","23":"[","24":"\"","25":"/","26":"h","27":"o","28":"m","29":"e","30":"/","31":"a","32":"p","33":"i","34":"n","35":"t","36":"o","37":"/","38":"D","39":"o","40":"c","41":"u","42":"m","43":"e","44":"n","45":"t","46":"s","47":"/","48":"w","49":"o","50":"r","51":"k","52":"s","53":"p","54":"a","55":"c","56":"e","57":"s","58":"/","59":"t","60":"e","61":"c","62":"h","63":"n","64":"i","65":"c","66":"a","67":"l","68":"-","69":"t","70":"e","71":"s","72":"t","73":"/","74":"t","75":"e","76":"c","77":"h","78":"n","79":"i","80":"c","81":"a","82":"l","83":"-","84":"t","85":"e","86":"s","87":"t","88":"_","89":"h","90":"l","91":"2","92":"0","93":"2","94":"2","95":"_","96":"v","97":"u","98":"e","99":"j","100":"s","101":"-","102":"e","103":"x","104":"e","105":"r","106":"c","107":"i","108":"c","109":"e","110":"/","111":"s","112":"r","113":"c","114":"/","115":"v","116":"i","117":"e","118":"w","119":"s","120":"/","121":"c","122":"o","123":"m","124":"p","125":"o","126":"n","127":"e","128":"n","129":"t","130":"s","131":"/","132":"S","133":"u","134":"p","135":"p","136":"l","137":"y","138":"P","139":"o","140":"i","141":"n","142":"t","143":"S","144":"e","145":"c","146":"t","147":"i","148":"o","149":"n","150":".","151":"v","152":"u","153":"e","154":"\"","155":"]","156":",","157":"\"","158":"n","159":"a","160":"m","161":"e","162":"s","163":"\"","164":":","165":"[","166":"]","167":",","168":"\"","169":"m","170":"a","171":"p","172":"p","173":"i","174":"n","175":"g","176":"s","177":"\"","178":":","179":"\"","180":";","181":";","182":";","183":";","184":";","185":"A","186":"A","187":"6","188":"B","189":"A","190":";","191":"A","192":"A","193":"E","194":"A","195":",","196":"k","197":"B","198":"A","199":"A","200":"e","201":",","202":"y","203":"B","204":"A","205":"A","206":"e","207":",","208":"E","209":"A","210":"A","211":"C","212":";","213":"E","214":"A","215":"C","216":"7","217":"B","218":",","219":"K","220":"A","221":"A","222":"K","223":",","224":"E","225":"A","226":"A","227":"E","228":";","229":"I","230":"A","231":"C","232":"L","233":",","234":"e","235":"A","236":"A","237":"e","238":",","239":"E","240":"A","241":"A","242":"E","243":";","244":"M","245":"A","246":"C","247":"f","248":",","249":"I","250":"A","251":"A","252":"I","253":",","254":"E","255":"A","256":"A","257":"E","258":",","259":"M","260":"A","261":"A","262":"g","263":"C","264":";","265":"M","266":"A","267":"C","268":"t","269":"C","270":",","271":"Q","272":"A","273":"A","274":"Q","275":",","276":"E","277":"A","278":"A","279":"E","280":";","281":";","282":";","283":"C","284":"A","285":"G","286":"f","287":",","288":"C","289":"A","290":"A","291":"C","292":"\"","293":",","294":"\"","295":"f","296":"i","297":"l","298":"e","299":"\"","300":":","301":"\"","302":"/","303":"h","304":"o","305":"m","306":"e","307":"/","308":"a","309":"p","310":"i","311":"n","312":"t","313":"o","314":"/","315":"D","316":"o","317":"c","318":"u","319":"m","320":"e","321":"n","322":"t","323":"s","324":"/","325":"w","326":"o","327":"r","328":"k","329":"s","330":"p","331":"a","332":"c","333":"e","334":"s","335":"/","336":"t","337":"e","338":"c","339":"h","340":"n","341":"i","342":"c","343":"a","344":"l","345":"-","346":"t","347":"e","348":"s","349":"t","350":"/","351":"t","352":"e","353":"c","354":"h","355":"n","356":"i","357":"c","358":"a","359":"l","360":"-","361":"t","362":"e","363":"s","364":"t","365":"_","366":"h","367":"l","368":"2","369":"0","370":"2","371":"2","372":"_","373":"v","374":"u","375":"e","376":"j","377":"s","378":"-","379":"e","380":"x","381":"e","382":"r","383":"c","384":"i","385":"c","386":"e","387":"/","388":"s","389":"r","390":"c","391":"/","392":"v","393":"i","394":"e","395":"w","396":"s","397":"/","398":"c","399":"o","400":"m","401":"p","402":"o","403":"n","404":"e","405":"n","406":"t","407":"s","408":"/","409":"S","410":"u","411":"p","412":"p","413":"l","414":"y","415":"P","416":"o","417":"i","418":"n","419":"t","420":"S","421":"e","422":"c","423":"t","424":"i","425":"o","426":"n","427":".","428":"v","429":"u","430":"e","431":"\"","432":",","433":"\"","434":"s","435":"o","436":"u","437":"r","438":"c","439":"e","440":"s","441":"C","442":"o","443":"n","444":"t","445":"e","446":"n","447":"t","448":"\"","449":":","450":"[","451":"\"","452":"<","453":"t","454":"e","455":"m","456":"p","457":"l","458":"a","459":"t","460":"e","461":">","462":"\\","463":"n","464":" ","465":" ","466":"<","467":"d","468":"i","469":"v","470":" ","471":"c","472":"l","473":"a","474":"s","475":"s","476":"=","477":"\\","478":"\"","479":"w","480":"-","481":"f","482":"u","483":"l","484":"l","485":"\\","486":"\"","487":">","488":"\\","489":"n","490":" ","491":" ","492":" ","493":" ","494":"<","495":"d","496":"i","497":"v","498":">","499":"\\","500":"n","501":" ","502":" ","503":" ","504":" ","505":" ","506":" ","507":"<","508":"s","509":"p","510":"a","511":"n","512":" ","513":"c","514":"l","515":"a","516":"s","517":"s","518":"=","519":"\\","520":"\"","521":"f","522":"o","523":"n","524":"t","525":"-","526":"b","527":"o","528":"l","529":"d","530":" ","531":"m","532":"r","533":"-","534":"4","535":"\\","536":"\"","537":">","538":"C","539":"U","540":"P","541":"S","542":"<","543":"/","544":"s","545":"p","546":"a","547":"n","548":">","549":"\\","550":"n","551":" ","552":" ","553":" ","554":" ","555":" ","556":" ","557":"<","558":"s","559":"p","560":"a","561":"n","562":">","563":"{","564":"{","565":" ","566":"s","567":"u","568":"p","569":"p","570":"l","571":"y","572":"P","573":"o","574":"i","575":"n","576":"t","577":"I","578":"n","579":"f","580":"o","581":".","582":"c","583":"u","584":"p","585":"s","586":" ","587":"}","588":"}","589":"<","590":"/","591":"s","592":"p","593":"a","594":"n","595":">","596":"\\","597":"n","598":" ","599":" ","600":" ","601":" ","602":"<","603":"/","604":"d","605":"i","606":"v","607":">","608":"\\","609":"n","610":" ","611":" ","612":" ","613":" ","614":"<","615":"d","616":"i","617":"v","618":">","619":"\\","620":"n","621":" ","622":" ","623":" ","624":" ","625":" ","626":" ","627":"<","628":"s","629":"p","630":"a","631":"n","632":" ","633":"c","634":"l","635":"a","636":"s","637":"s","638":"=","639":"\\","640":"\"","641":"f","642":"o","643":"n","644":"t","645":"-","646":"b","647":"o","648":"l","649":"d","650":" ","651":"m","652":"r","653":"-","654":"4","655":"\\","656":"\"","657":">","658":"t","659":"a","660":"r","661":"i","662":"f","663":"f","664":"<","665":"/","666":"s","667":"p","668":"a","669":"n","670":">","671":"\\","672":"n","673":" ","674":" ","675":" ","676":" ","677":" ","678":" ","679":"<","680":"s","681":"p","682":"a","683":"n","684":">","685":"{","686":"{","687":" ","688":"s","689":"u","690":"p","691":"p","692":"l","693":"y","694":"P","695":"o","696":"i","697":"n","698":"t","699":"I","700":"n","701":"f","702":"o","703":".","704":"t","705":"a","706":"r","707":"i","708":"f","709":"f","710":" ","711":"}","712":"}","713":"<","714":"/","715":"s","716":"p","717":"a","718":"n","719":">","720":"\\","721":"n","722":" ","723":" ","724":" ","725":" ","726":"<","727":"/","728":"d","729":"i","730":"v","731":">","732":"\\","733":"n","734":" ","735":" ","736":" ","737":" ","738":"<","739":"d","740":"i","741":"v","742":">","743":"\\","744":"n","745":" ","746":" ","747":" ","748":" ","749":" ","750":" ","751":"<","752":"s","753":"p","754":"a","755":"n","756":" ","757":"c","758":"l","759":"a","760":"s","761":"s","762":"=","763":"\\","764":"\"","765":"f","766":"o","767":"n","768":"t","769":"-","770":"b","771":"o","772":"l","773":"d","774":" ","775":"m","776":"r","777":"-","778":"4","779":"\\","780":"\"","781":">","782":"I","783":"n","784":"v","785":"o","786":"i","787":"c","788":"e","789":"d","790":" ","791":"A","792":"m","793":"o","794":"u","795":"n","796":"t","797":"<","798":"/","799":"s","800":"p","801":"a","802":"n","803":">","804":"\\","805":"n","806":" ","807":" ","808":" ","809":" ","810":" ","811":" ","812":"<","813":"s","814":"p","815":"a","816":"n","817":">","818":"{","819":"{","820":" ","821":"s","822":"u","823":"p","824":"p","825":"l","826":"y","827":"P","828":"o","829":"i","830":"n","831":"t","832":"I","833":"n","834":"f","835":"o","836":".","837":"i","838":"n","839":"v","840":"o","841":"i","842":"c","843":"e","844":"d","845":"A","846":"m","847":"o","848":"u","849":"n","850":"t","851":" ","852":"}","853":"}","854":" ","855":"€","856":"<","857":"/","858":"s","859":"p","860":"a","861":"n","862":">","863":"\\","864":"n","865":" ","866":" ","867":" ","868":" ","869":"<","870":"/","871":"d","872":"i","873":"v","874":">","875":"\\","876":"n","877":" ","878":" ","879":" ","880":" ","881":"<","882":"d","883":"i","884":"v","885":">","886":"\\","887":"n","888":" ","889":" ","890":" ","891":" ","892":" ","893":" ","894":"<","895":"s","896":"p","897":"a","898":"n","899":" ","900":"c","901":"l","902":"a","903":"s","904":"s","905":"=","906":"\\","907":"\"","908":"f","909":"o","910":"n","911":"t","912":"-","913":"b","914":"o","915":"l","916":"d","917":" ","918":"m","919":"r","920":"-","921":"4","922":"\\","923":"\"","924":">","925":"P","926":"o","927":"w","928":"e","929":"r","930":"<","931":"/","932":"s","933":"p","934":"a","935":"n","936":">","937":"\\","938":"n","939":" ","940":" ","941":" ","942":" ","943":" ","944":" ","945":"<","946":"s","947":"p","948":"a","949":"n","950":"\\","951":"n","952":" ","953":" ","954":" ","955":" ","956":" ","957":" ","958":" ","959":" ","960":">","961":"{","962":"{","963":" ","964":"s","965":"u","966":"p","967":"p","968":"l","969":"y","970":"P","971":"o","972":"i","973":"n","974":"t","975":"I","976":"n","977":"f","978":"o","979":".","980":"p","981":"o","982":"w","983":"e","984":"r","985":".","986":"p","987":"1","988":" ","989":"}","990":"}","991":"w","992":" ","993":"-","994":" ","995":"{","996":"{","997":" ","998":"s","999":"u","1000":"p","1001":"p","1002":"l","1003":"y","1004":"P","1005":"o","1006":"i","1007":"n","1008":"t","1009":"I","1010":"n","1011":"f","1012":"o","1013":".","1014":"p","1015":"o","1016":"w","1017":"e","1018":"r","1019":".","1020":"p","1021":"2","1022":" ","1023":"}","1024":"}","1025":"w","1026":"<","1027":"/","1028":"s","1029":"p","1030":"a","1031":"n","1032":"\\","1033":"n","1034":" ","1035":" ","1036":" ","1037":" ","1038":" ","1039":" ","1040":">","1041":"\\","1042":"n","1043":" ","1044":" ","1045":" ","1046":" ","1047":"<","1048":"/","1049":"d","1050":"i","1051":"v","1052":">","1053":"\\","1054":"n","1055":" ","1056":" ","1057":" ","1058":" ","1059":"<","1060":"d","1061":"i","1062":"v","1063":">","1064":"\\","1065":"n","1066":" ","1067":" ","1068":" ","1069":" ","1070":" ","1071":" ","1072":"<","1073":"s","1074":"p","1075":"a","1076":"n","1077":" ","1078":"c","1079":"l","1080":"a","1081":"s","1082":"s","1083":"=","1084":"\\","1085":"\"","1086":"f","1087":"o","1088":"n","1089":"t","1090":"-","1091":"b","1092":"o","1093":"l","1094":"d","1095":" ","1096":"m","1097":"r","1098":"-","1099":"4","1100":"\\","1101":"\"","1102":">","1103":"N","1104":"e","1105":"i","1106":"g","1107":"h","1108":"b","1109":"o","1110":"r","1111":"s","1112":"<","1113":"/","1114":"s","1115":"p","1116":"a","1117":"n","1118":">","1119":"\\","1120":"n","1121":" ","1122":" ","1123":" ","1124":" ","1125":" ","1126":" ","1127":"<","1128":"s","1129":"p","1130":"a","1131":"n","1132":">","1133":"{","1134":"{","1135":" ","1136":"s","1137":"u","1138":"p","1139":"p","1140":"l","1141":"y","1142":"P","1143":"o","1144":"i","1145":"n","1146":"t","1147":"I","1148":"n","1149":"f","1150":"o","1151":".","1152":"n","1153":"e","1154":"i","1155":"g","1156":"h","1157":"b","1158":"o","1159":"r","1160":"s","1161":".","1162":"j","1163":"o","1164":"i","1165":"n","1166":"(","1167":"\\","1168":"\"","1169":" ","1170":"-","1171":" ","1172":"\\","1173":"\"","1174":")","1175":" ","1176":"}","1177":"}","1178":"<","1179":"/","1180":"s","1181":"p","1182":"a","1183":"n","1184":">","1185":"\\","1186":"n","1187":" ","1188":" ","1189":" ","1190":" ","1191":"<","1192":"/","1193":"d","1194":"i","1195":"v","1196":">","1197":"\\","1198":"n","1199":" ","1200":" ","1201":"<","1202":"/","1203":"d","1204":"i","1205":"v","1206":">","1207":"\\","1208":"n","1209":"<","1210":"/","1211":"t","1212":"e","1213":"m","1214":"p","1215":"l","1216":"a","1217":"t","1218":"e","1219":">","1220":"\\","1221":"n","1222":"\\","1223":"n","1224":"<","1225":"s","1226":"c","1227":"r","1228":"i","1229":"p","1230":"t","1231":" ","1232":"l","1233":"a","1234":"n","1235":"g","1236":"=","1237":"\\","1238":"\"","1239":"t","1240":"s","1241":"\\","1242":"\"","1243":">","1244":"\\","1245":"n","1246":"i","1247":"m","1248":"p","1249":"o","1250":"r","1251":"t","1252":" ","1253":"{","1254":" ","1255":"I","1256":"S","1257":"u","1258":"p","1259":"p","1260":"l","1261":"y","1262":"P","1263":"o","1264":"i","1265":"n","1266":"t","1267":" ","1268":"}","1269":" ","1270":"f","1271":"r","1272":"o","1273":"m","1274":" ","1275":"\\","1276":"\"","1277":"@","1278":"/","1279":"S","1280":"u","1281":"p","1282":"p","1283":"l","1284":"y","1285":"P","1286":"o","1287":"i","1288":"n","1289":"t","1290":"/","1291":"d","1292":"o","1293":"m","1294":"a","1295":"i","1296":"n","1297":"/","1298":"m","1299":"o","1300":"d","1301":"e","1302":"l","1303":"s","1304":"/","1305":"S","1306":"u","1307":"p","1308":"p","1309":"l","1310":"y","1311":"P","1312":"o","1313":"i","1314":"n","1315":"t","1316":"\\","1317":"\"","1318":";","1319":"\\","1320":"n","1321":"i","1322":"m","1323":"p","1324":"o","1325":"r","1326":"t","1327":" ","1328":"{","1329":" ","1330":"d","1331":"e","1332":"f","1333":"i","1334":"n","1335":"e","1336":"C","1337":"o","1338":"m","1339":"p","1340":"o","1341":"n","1342":"e","1343":"n","1344":"t","1345":",","1346":" ","1347":"P","1348":"r","1349":"o","1350":"p","1351":"T","1352":"y","1353":"p","1354":"e","1355":" ","1356":"}","1357":" ","1358":"f","1359":"r","1360":"o","1361":"m","1362":" ","1363":"\\","1364":"\"","1365":"v","1366":"u","1367":"e","1368":"\\","1369":"\"","1370":";","1371":"\\","1372":"n","1373":"\\","1374":"n","1375":"e","1376":"x","1377":"p","1378":"o","1379":"r","1380":"t","1381":" ","1382":"d","1383":"e","1384":"f","1385":"a","1386":"u","1387":"l","1388":"t","1389":" ","1390":"d","1391":"e","1392":"f","1393":"i","1394":"n","1395":"e","1396":"C","1397":"o","1398":"m","1399":"p","1400":"o","1401":"n","1402":"e","1403":"n","1404":"t","1405":"(","1406":"{","1407":"\\","1408":"n","1409":" ","1410":" ","1411":"p","1412":"r","1413":"o","1414":"p","1415":"s","1416":":","1417":" ","1418":"{","1419":"\\","1420":"n","1421":" ","1422":" ","1423":" ","1424":" ","1425":"s","1426":"u","1427":"p","1428":"p","1429":"l","1430":"y","1431":"P","1432":"o","1433":"i","1434":"n","1435":"t","1436":"I","1437":"n","1438":"f","1439":"o","1440":":","1441":" ","1442":"{","1443":"\\","1444":"n","1445":" ","1446":" ","1447":" ","1448":" ","1449":" ","1450":" ","1451":"t","1452":"y","1453":"p","1454":"e","1455":":","1456":" ","1457":"O","1458":"b","1459":"j","1460":"e","1461":"c","1462":"t","1463":" ","1464":"a","1465":"s","1466":" ","1467":"P","1468":"r","1469":"o","1470":"p","1471":"T","1472":"y","1473":"p","1474":"e","1475":"<","1476":"I","1477":"S","1478":"u","1479":"p","1480":"p","1481":"l","1482":"y","1483":"P","1484":"o","1485":"i","1486":"n","1487":"t","1488":">","1489":",","1490":"\\","1491":"n","1492":" ","1493":" ","1494":" ","1495":" ","1496":" ","1497":" ","1498":"r","1499":"e","1500":"q","1501":"u","1502":"i","1503":"r","1504":"e","1505":"d","1506":":","1507":" ","1508":"t","1509":"r","1510":"u","1511":"e","1512":",","1513":"\\","1514":"n","1515":" ","1516":" ","1517":" ","1518":" ","1519":"}","1520":",","1521":"\\","1522":"n","1523":" ","1524":" ","1525":"}","1526":",","1527":"\\","1528":"n","1529":"}","1530":")","1531":";","1532":"\\","1533":"n","1534":"<","1535":"/","1536":"s","1537":"c","1538":"r","1539":"i","1540":"p","1541":"t","1542":">","1543":"\\","1544":"n","1545":"\\","1546":"n","1547":"<","1548":"s","1549":"t","1550":"y","1551":"l","1552":"e","1553":" ","1554":"s","1555":"c","1556":"o","1557":"p","1558":"e","1559":"d","1560":">","1561":"<","1562":"/","1563":"s","1564":"t","1565":"y","1566":"l","1567":"e","1568":">","1569":"\\","1570":"n","1571":"\"","1572":"]","1573":"}"},"_coverageSchema":"1a1c01bbd47fc00a2c39e90264f33305004495a9","hash":"5a95dffb568e867d32d670da299c6536f5900190"}
}
