TN:
SF:src/App.vue
FN:5,render
FNF:1
FNH:0
FNDA:0,render
DA:2,0
DA:3,0
DA:4,0
DA:6,0
DA:7,0
DA:9,0
DA:10,0
LF:7
LH:0
BRF:0
BRH:0
end_of_record
TN:
SF:src/main.ts
FNF:0
FNH:0
DA:1,0
DA:2,0
DA:3,0
DA:4,0
DA:5,0
DA:7,0
DA:8,0
DA:10,0
DA:15,0
LF:9
LH:0
BRF:0
BRH:0
end_of_record
TN:
SF:src/SupplyPoint/domain/application/getSupplyPointDataToSolarProduct.ts
FN:6,(anonymous_1)
FNF:1
FNH:1
FNDA:4,(anonymous_1)
DA:1,2
DA:4,2
DA:6,2
DA:10,4
DA:11,4
DA:14,4
DA:18,2
DA:23,2
DA:28,2
LF:9
LH:9
BRDA:14,0,0,4
BRDA:14,0,1,3
BRF:2
BRH:2
end_of_record
TN:
SF:src/SupplyPoint/domain/models/Client.ts
FN:1,(anonymous_0)
FN:15,(anonymous_1)
FNF:2
FNH:2
FNDA:2,(anonymous_0)
FNDA:4,(anonymous_1)
DA:1,2
DA:2,2
DA:3,2
DA:14,2
DA:16,4
DA:17,4
DA:18,4
DA:19,4
DA:20,20
LF:9
LH:9
BRDA:1,0,0,2
BRDA:1,0,1,2
BRF:2
BRH:2
end_of_record
TN:
SF:src/SupplyPoint/domain/models/Errors.ts
FN:1,(anonymous_0)
FNF:1
FNH:0
FNDA:0,(anonymous_0)
DA:1,0
DA:2,0
DA:3,0
DA:4,0
LF:4
LH:0
BRDA:1,0,0,0
BRDA:1,0,1,0
BRF:2
BRH:0
end_of_record
TN:
SF:src/SupplyPoint/domain/models/SolarProductDiscounts.ts
FNF:0
FNH:0
DA:1,3
LF:1
LH:1
BRF:0
BRH:0
end_of_record
TN:
SF:src/SupplyPoint/domain/models/SupplyPoint.ts
FN:15,(anonymous_0)
FNF:1
FNH:1
FNDA:17,(anonymous_0)
DA:14,3
DA:16,17
DA:17,17
DA:18,17
DA:19,17
DA:20,85
LF:6
LH:6
BRF:0
BRH:0
end_of_record
TN:
SF:src/SupplyPoint/domain/services/calculateSolarProductDiscount.ts
FN:8,(anonymous_1)
FN:13,(anonymous_2)
FN:18,(anonymous_3)
FN:20,(anonymous_4)
FN:29,(anonymous_5)
FN:34,(anonymous_6)
FNF:6
FNH:6
FNDA:2,(anonymous_1)
FNDA:3,(anonymous_2)
FNDA:5,(anonymous_3)
FNDA:10,(anonymous_4)
FNDA:5,(anonymous_5)
FNDA:10,(anonymous_6)
DA:3,3
DA:6,3
DA:8,3
DA:12,2
DA:14,3
DA:18,3
DA:19,5
DA:20,10
DA:24,5
DA:29,3
DA:33,5
DA:35,10
DA:40,3
DA:44,1
DA:47,1
LF:15
LH:15
BRDA:14,0,0,3
BRDA:14,0,1,2
BRDA:20,1,0,10
BRDA:20,1,1,0
BRF:4
BRH:3
end_of_record
TN:
SF:src/SupplyPoint/infrastructure/repositories/fromJson/ClientRepository/clientFromJsonAdapter.ts
FN:4,(anonymous_1)
FNF:1
FNH:0
FNDA:0,(anonymous_1)
DA:1,0
DA:4,0
DA:11,0
LF:3
LH:0
BRF:0
BRH:0
end_of_record
TN:
SF:src/SupplyPoint/infrastructure/repositories/fromJson/ClientRepository/index.ts
FN:7,(anonymous_1)
FN:10,(anonymous_2)
FN:13,(anonymous_3)
FN:23,(anonymous_4)
FNF:4
FNH:0
FNDA:0,(anonymous_1)
FNDA:0,(anonymous_2)
FNDA:0,(anonymous_3)
FNDA:0,(anonymous_4)
DA:1,0
DA:4,0
DA:6,0
DA:8,0
DA:10,0
DA:13,0
DA:16,0
DA:19,0
DA:24,0
DA:26,0
LF:10
LH:0
BRF:0
BRH:0
end_of_record
TN:
SF:src/SupplyPoint/infrastructure/repositories/fromJson/SupplyPointRepository/index.ts
FN:6,(anonymous_1)
FN:9,(anonymous_2)
FN:12,(anonymous_3)
FN:22,(anonymous_4)
FNF:4
FNH:0
FNDA:0,(anonymous_1)
FNDA:0,(anonymous_2)
FNDA:0,(anonymous_3)
FNDA:0,(anonymous_4)
DA:2,0
DA:3,0
DA:5,0
DA:7,0
DA:9,0
DA:12,0
DA:15,0
DA:18,0
DA:23,0
DA:24,0
LF:10
LH:0
BRF:0
BRH:0
end_of_record
TN:
SF:src/SupplyPoint/infrastructure/repositories/fromJson/SupplyPointRepository/supplyPointFromJsonAdapter.ts
FN:4,(anonymous_1)
FNF:1
FNH:0
FNDA:0,(anonymous_1)
DA:1,0
DA:4,0
DA:11,0
LF:3
LH:0
BRF:0
BRH:0
end_of_record
TN:
SF:src/SupplyPoint/infrastructure/repositories/mocks/ClientRepositoryMock.ts
FN:5,(anonymous_0)
FNF:1
FNH:1
FNDA:4,(anonymous_0)
DA:3,2
DA:5,8
LF:2
LH:2
BRF:0
BRH:0
end_of_record
TN:
SF:src/SupplyPoint/infrastructure/repositories/mocks/SupplyPointRepositoryMock.ts
FN:7,(anonymous_0)
FNF:1
FNH:1
FNDA:7,(anonymous_0)
DA:3,3
DA:7,14
LF:2
LH:2
BRF:0
BRH:0
end_of_record
TN:
SF:src/components/AppAlert.vue
FN:16,render
FNF:1
FNH:0
FNDA:0,render
DA:3,1
DA:6,1
DA:7,1
DA:8,1
DA:9,1
DA:10,1
DA:11,1
DA:12,1
DA:17,0
DA:21,1
DA:22,1
LF:11
LH:10
BRF:0
BRH:0
end_of_record
TN:
SF:src/components/AppLoading.vue
FN:8,(anonymous_0)
FN:36,render
FNF:2
FNH:0
FNDA:0,(anonymous_0)
FNDA:0,render
DA:3,1
DA:6,1
DA:7,1
DA:9,0
DA:12,1
DA:13,1
DA:14,1
DA:15,1
DA:16,1
DA:17,1
DA:33,1
DA:37,0
DA:39,1
DA:40,1
LF:14
LH:12
BRF:0
BRH:0
end_of_record
TN:
SF:src/components/SearchForm.vue
FN:11,(anonymous_0)
FN:17,(anonymous_1)
FN:32,render
FN:36,(anonymous_3)
FN:48,(anonymous_4)
FNF:5
FNH:0
FNDA:0,(anonymous_0)
FNDA:0,(anonymous_1)
FNDA:0,render
FNDA:0,(anonymous_3)
FNDA:0,(anonymous_4)
DA:3,1
DA:6,1
DA:7,1
DA:12,0
DA:18,0
DA:22,1
DA:23,1
DA:24,1
DA:25,1
DA:26,1
DA:27,1
DA:28,1
DA:33,0
DA:37,0
DA:38,0
DA:39,0
DA:41,0
DA:48,0
DA:59,1
DA:60,1
LF:20
LH:12
BRDA:34,0,0,0
BRDA:34,0,1,0
BRDA:41,1,0,0
BRDA:41,1,1,0
BRDA:48,2,0,0
BRDA:48,2,1,0
BRF:6
BRH:0
end_of_record
TN:
SF:src/router/index.ts
FNF:0
FNH:0
DA:1,0
DA:2,0
DA:4,0
DA:12,0
DA:17,0
LF:5
LH:0
BRF:0
BRH:0
end_of_record
TN:
SF:src/store/index.ts
FNF:0
FNH:0
DA:1,0
DA:3,0
LF:2
LH:0
BRF:0
BRH:0
end_of_record
TN:
SF:src/views/SolarProductView.vue
FN:5,(anonymous_0)
FN:6,adopt
FN:7,(anonymous_2)
FN:11,(anonymous_3)
FN:12,fulfilled
FN:19,rejected
FN:26,step
FN:32,(anonymous_7)
FN:35,(anonymous_8)
FN:50,(anonymous_9)
FN:53,verb
FN:54,(anonymous_11)
FN:58,step
FN:120,(anonymous_13)
FN:141,(anonymous_14)
FN:146,(anonymous_15)
FN:154,(anonymous_16)
FN:155,(anonymous_17)
FN:157,(anonymous_18)
FN:200,render
FN:224,(anonymous_20)
FNF:21
FNH:17
FNDA:1,(anonymous_0)
FNDA:1,adopt
FNDA:0,(anonymous_2)
FNDA:1,(anonymous_3)
FNDA:1,fulfilled
FNDA:0,rejected
FNDA:2,step
FNDA:1,(anonymous_7)
FNDA:1,(anonymous_8)
FNDA:0,(anonymous_9)
FNDA:3,verb
FNDA:2,(anonymous_11)
FNDA:2,step
FNDA:5,(anonymous_13)
FNDA:1,(anonymous_14)
FNDA:1,(anonymous_15)
FNDA:1,(anonymous_16)
FNDA:1,(anonymous_17)
FNDA:3,(anonymous_18)
FNDA:3,render
FNDA:0,(anonymous_20)
DA:5,1
DA:7,1
DA:8,0
DA:11,1
DA:13,1
DA:14,1
DA:16,0
DA:20,0
DA:21,0
DA:23,0
DA:27,2
DA:29,1
DA:32,1
DA:33,1
DA:36,1
DA:37,1
DA:46,1
DA:51,0
DA:54,3
DA:55,2
DA:59,2
DA:60,6
DA:61,6
DA:62,6
DA:63,6
DA:66,2
DA:67,2
DA:69,1
DA:70,1
DA:75,0
DA:76,0
DA:77,0
DA:78,0
DA:80,0
DA:81,0
DA:82,0
DA:84,3
DA:85,1
DA:86,1
DA:88,2
DA:89,1
DA:90,1
DA:92,1
DA:93,0
DA:94,0
DA:95,0
DA:97,1
DA:98,0
DA:99,0
DA:100,0
DA:102,1
DA:103,1
DA:104,1
DA:106,3
DA:108,0
DA:109,0
DA:111,6
DA:113,1
DA:114,1
DA:120,1
DA:121,5
DA:125,1
DA:128,1
DA:129,1
DA:130,1
DA:131,1
DA:132,1
DA:133,1
DA:134,1
DA:142,1
DA:147,1
DA:155,1
DA:157,1
DA:158,3
DA:160,1
DA:161,1
DA:162,1
DA:163,1
DA:164,1
DA:166,1
DA:167,1
DA:168,1
DA:170,1
DA:171,1
DA:173,0
DA:174,0
DA:175,0
DA:177,1
DA:178,1
DA:185,1
DA:186,1
DA:187,1
DA:188,1
DA:189,1
DA:190,1
DA:191,1
DA:192,1
DA:196,1
DA:201,3
DA:202,3
DA:203,3
DA:204,3
DA:205,3
DA:224,0
DA:234,1
DA:235,1
LF:106
LH:81
BRDA:5,0,0,1
BRDA:5,0,1,1
BRDA:5,0,2,1
BRDA:7,1,0,1
BRDA:7,1,1,0
BRDA:11,2,0,1
BRDA:11,2,1,1
BRDA:27,3,0,1
BRDA:27,3,1,1
BRDA:29,4,0,1
BRDA:29,4,1,1
BRDA:32,5,0,1
BRDA:32,5,1,1
BRDA:32,5,2,1
BRDA:36,6,0,0
BRDA:36,6,1,1
BRDA:50,7,0,1
BRDA:50,7,1,1
BRDA:59,8,0,0
BRDA:59,8,1,2
BRDA:61,9,0,0
BRDA:61,9,1,6
BRDA:61,10,0,6
BRDA:61,10,1,0
BRDA:61,10,2,0
BRDA:61,11,0,0
BRDA:61,11,1,0
BRDA:61,12,0,0
BRDA:61,12,1,0
BRDA:61,13,0,0
BRDA:61,13,1,0
BRDA:61,14,0,0
BRDA:61,14,1,0
BRDA:62,15,0,0
BRDA:62,15,1,6
BRDA:63,16,0,2
BRDA:63,16,1,2
BRDA:63,16,2,1
BRDA:63,16,3,0
BRDA:63,16,4,0
BRDA:63,16,5,3
BRDA:84,17,0,1
BRDA:84,17,1,2
BRDA:84,18,0,3
BRDA:84,18,1,2
BRDA:84,18,2,2
BRDA:84,19,0,3
BRDA:84,19,1,1
BRDA:88,20,0,1
BRDA:88,20,1,1
BRDA:88,21,0,2
BRDA:88,21,1,2
BRDA:88,21,2,1
BRDA:88,21,3,1
BRDA:92,22,0,0
BRDA:92,22,1,1
BRDA:92,23,0,1
BRDA:92,23,1,0
BRDA:97,24,0,0
BRDA:97,24,1,1
BRDA:97,25,0,1
BRDA:97,25,1,1
BRDA:102,26,0,0
BRDA:102,26,1,1
BRDA:113,27,0,0
BRDA:113,27,1,1
BRDA:115,28,0,1
BRDA:115,28,1,0
BRDA:120,29,0,1
BRDA:120,29,1,1
BRDA:120,29,2,1
BRDA:121,30,0,5
BRDA:121,30,1,0
BRDA:121,31,0,5
BRDA:121,31,1,5
BRDA:158,32,0,1
BRDA:158,32,1,1
BRDA:158,32,2,1
BRDA:158,32,3,0
BRDA:158,32,4,1
BRDA:213,33,0,1
BRDA:213,33,1,2
BRDA:216,34,0,1
BRDA:216,34,1,2
BRDA:221,35,0,0
BRDA:221,35,1,3
BRF:86
BRH:60
end_of_record
TN:
SF:src/views/constants.ts
FNF:0
FNH:0
DA:1,0
DA:3,0
LF:2
LH:0
BRF:0
BRH:0
end_of_record
TN:
SF:src/views/components/ClientSection.vue
FN:25,render
FNF:1
FNH:0
FNDA:0,render
DA:3,1
DA:6,1
DA:7,1
DA:15,1
DA:16,1
DA:17,1
DA:18,1
DA:19,1
DA:20,1
DA:21,1
DA:22,1
DA:23,1
DA:24,1
DA:27,0
DA:50,1
DA:51,1
LF:16
LH:15
BRDA:38,0,0,0
BRDA:38,0,1,0
BRDA:38,1,0,0
BRDA:38,1,1,0
BRDA:42,2,0,0
BRDA:42,2,1,0
BRDA:42,3,0,0
BRDA:42,3,1,0
BRDA:46,4,0,0
BRDA:46,4,1,0
BRDA:46,5,0,0
BRDA:46,5,1,0
BRF:12
BRH:0
end_of_record
TN:
SF:src/views/components/SolarProductDiscountSection.vue
FN:14,(anonymous_0)
FN:28,render
FNF:2
FNH:0
FNDA:0,(anonymous_0)
FNDA:0,render
DA:3,1
DA:6,1
DA:7,1
DA:15,0
DA:20,1
DA:21,1
DA:22,1
DA:23,1
DA:24,1
DA:25,1
DA:26,1
DA:27,1
DA:29,0
DA:37,1
DA:38,1
LF:15
LH:13
BRF:0
BRH:0
end_of_record
TN:
SF:src/views/components/SupplyPointDetailsSection.vue
FN:3,(anonymous_0)
FN:41,render
FN:68,(anonymous_2)
FNF:3
FNH:1
FNDA:4,(anonymous_0)
FNDA:0,render
FNDA:0,(anonymous_2)
DA:3,1
DA:4,4
DA:8,1
DA:11,1
DA:12,1
DA:13,1
DA:14,1
DA:15,1
DA:16,1
DA:30,1
DA:31,1
DA:32,1
DA:33,1
DA:34,1
DA:35,1
DA:36,1
DA:37,1
DA:38,1
DA:39,1
DA:40,1
DA:42,0
DA:43,0
DA:44,0
DA:45,0
DA:46,0
DA:68,0
DA:76,1
DA:77,1
LF:28
LH:22
BRDA:3,0,0,1
BRDA:3,0,1,1
BRDA:3,0,2,1
BRDA:4,1,0,4
BRDA:4,1,1,0
BRDA:4,2,0,4
BRDA:4,2,1,4
BRDA:62,3,0,0
BRDA:62,3,1,0
BRF:9
BRH:6
end_of_record
TN:
SF:src/views/components/SupplyPointSection.vue
FN:25,render
FNF:1
FNH:0
FNDA:0,render
DA:3,1
DA:6,1
DA:7,1
DA:15,1
DA:16,1
DA:17,1
DA:18,1
DA:19,1
DA:20,1
DA:21,1
DA:22,1
DA:23,1
DA:24,1
DA:26,0
DA:49,1
DA:50,1
LF:16
LH:15
BRF:0
BRH:0
end_of_record
